{"level":"error","message":"proxy error : ","service":"api-gate-way-service","timestamp":"2025-02-24T09:41:31.971Z"}
{"level":"error","message":"SyntaxError: Expected property name or '}' in JSON at position 7\n    at JSON.parse (<anonymous>)\n    at parse (C:\\Users\\ASUS\\OneDrive\\Desktop\\social-media-microservices\\api-gateway\\node_modules\\body-parser\\lib\\types\\json.js:92:19)\n    at C:\\Users\\ASUS\\OneDrive\\Desktop\\social-media-microservices\\api-gateway\\node_modules\\body-parser\\lib\\read.js:128:18\n    at AsyncResource.runInAsyncScope (node:async_hooks:206:9)\n    at invokeCallback (C:\\Users\\ASUS\\OneDrive\\Desktop\\social-media-microservices\\api-gateway\\node_modules\\raw-body\\index.js:238:16)\n    at done (C:\\Users\\ASUS\\OneDrive\\Desktop\\social-media-microservices\\api-gateway\\node_modules\\raw-body\\index.js:227:7)\n    at IncomingMessage.onEnd (C:\\Users\\ASUS\\OneDrive\\Desktop\\social-media-microservices\\api-gateway\\node_modules\\raw-body\\index.js:287:7)\n    at IncomingMessage.emit (node:events:519:28)\n    at endReadableNT (node:internal/streams/readable:1696:12)\n    at process.processTicksAndRejections (node:internal/process/task_queues:82:21)","service":"api-gate-way-service","timestamp":"2025-02-24T09:44:35.327Z"}
{"level":"error","message":"proxy error : Cannot read properties of null (reading 'headers')","service":"api-gate-way-service","timestamp":"2025-03-12T09:59:54.378Z"}
{"level":"error","message":"proxy error : Cannot read properties of null (reading 'headers')","service":"api-gate-way-service","timestamp":"2025-03-12T09:59:58.880Z"}
{"level":"error","message":"proxy error : Cannot read properties of null (reading 'headers')","service":"api-gate-way-service","timestamp":"2025-03-12T10:00:14.466Z"}
{"level":"error","message":"proxy error : Cannot read properties of null (reading 'headers')","service":"api-gate-way-service","timestamp":"2025-03-12T10:06:09.357Z"}
{"level":"error","message":"proxy error : Cannot read properties of null (reading 'headers')","service":"api-gate-way-service","timestamp":"2025-03-12T10:06:11.262Z"}
{"level":"error","message":"proxy error : Cannot read properties of null (reading 'headers')","service":"api-gate-way-service","timestamp":"2025-03-12T10:06:27.567Z"}
{"level":"error","message":"proxy error : Cannot read properties of null (reading 'headers')","service":"api-gate-way-service","timestamp":"2025-03-12T10:11:33.092Z"}
{"level":"error","message":"proxy error : Cannot read properties of null (reading 'headers')","service":"api-gate-way-service","timestamp":"2025-03-12T10:12:11.183Z"}
{"level":"error","message":"proxy error : Cannot read properties of null (reading 'headers')","service":"api-gate-way-service","timestamp":"2025-03-12T10:12:18.741Z"}
{"level":"error","message":"proxy error : Cannot read properties of null (reading 'headers')","service":"api-gate-way-service","timestamp":"2025-03-12T10:13:42.440Z"}
{"level":"error","message":"proxy error : Cannot read properties of null (reading 'headers')","service":"api-gate-way-service","timestamp":"2025-03-12T10:17:57.025Z"}
{"level":"error","message":"proxy error : Cannot read properties of null (reading 'headers')","service":"api-gate-way-service","timestamp":"2025-03-12T10:18:07.896Z"}
{"level":"error","message":"proxy error : Cannot read properties of null (reading 'headers')","service":"api-gate-way-service","timestamp":"2025-03-12T10:18:14.396Z"}
{"level":"error","message":"proxy error : Cannot read properties of null (reading 'headers')","service":"api-gate-way-service","timestamp":"2025-03-12T10:18:21.347Z"}
{"level":"error","message":"proxy error : Cannot read properties of null (reading 'headers')","service":"api-gate-way-service","timestamp":"2025-03-12T10:21:36.906Z"}
{"level":"error","message":"proxy error : Cannot read properties of null (reading 'headers')","service":"api-gate-way-service","timestamp":"2025-03-12T10:22:07.592Z"}
{"errorStack":"TypeError: Cannot read properties of null (reading 'headers')\n    at proxyReqBodyDecorator (/Users/kolasanibaladitya/Desktop/microservices/api-gateway/src/server.js:101:22)\n    at decorateProxyReqBody (/Users/kolasanibaladitya/Desktop/microservices/api-gateway/node_modules/express-http-proxy/app/steps/decorateProxyReqBody.js:18:14)\n    at process.processTicksAndRejections (node:internal/process/task_queues:105:5)","level":"error","message":"Proxy error: Cannot read properties of null (reading 'headers')","service":"api-gate-way-service","timestamp":"2025-03-12T10:23:44.252Z"}
{"level":"error","message":"Response object is invalid, passing error to next middleware.","service":"api-gate-way-service","timestamp":"2025-03-12T10:27:07.656Z"}
{"level":"error","message":"Response object is invalid, passing error to next middleware.","service":"api-gate-way-service","timestamp":"2025-03-12T10:29:44.498Z"}
{"level":"error","message":"proxy error : Cannot read properties of null (reading 'headers')","service":"api-gate-way-service","timestamp":"2025-03-12T10:32:07.200Z"}
{"level":"error","message":"proxy error : Cannot read properties of null (reading 'headers')","service":"api-gate-way-service","timestamp":"2025-03-12T10:38:24.380Z"}
{"level":"error","message":"proxy error : Cannot read properties of null (reading 'headers')","service":"api-gate-way-service","timestamp":"2025-03-12T10:38:50.299Z"}
{"level":"error","message":"proxy error : Cannot read properties of null (reading 'headers')","service":"api-gate-way-service","timestamp":"2025-03-12T10:39:27.736Z"}
{"level":"error","message":"proxy error : Cannot read properties of null (reading 'headers')","service":"api-gate-way-service","timestamp":"2025-03-12T10:39:49.388Z"}
{"level":"error","message":"proxy error : Cannot read properties of null (reading 'headers')","service":"api-gate-way-service","timestamp":"2025-03-12T10:39:55.615Z"}
{"level":"error","message":"proxy error : Cannot read properties of null (reading 'headers')","service":"api-gate-way-service","timestamp":"2025-03-12T10:40:09.211Z"}
{"level":"error","message":"proxy error : Cannot read properties of null (reading 'headers')","service":"api-gate-way-service","timestamp":"2025-03-12T10:40:18.884Z"}
{"level":"error","message":"proxy error : Cannot read properties of null (reading 'headers')","service":"api-gate-way-service","timestamp":"2025-03-12T10:44:09.504Z"}
{"level":"error","message":"proxy error : Cannot read properties of null (reading 'headers')","service":"api-gate-way-service","timestamp":"2025-03-12T10:44:16.426Z"}
{"level":"error","message":"proxy error : Cannot read properties of null (reading 'headers')","service":"api-gate-way-service","timestamp":"2025-03-12T11:20:52.580Z"}
{"level":"error","message":"proxy error : Cannot read properties of null (reading 'headers')","service":"api-gate-way-service","timestamp":"2025-03-12T11:22:02.963Z"}
{"level":"error","message":"proxy error : Cannot read properties of null (reading 'headers')","service":"api-gate-way-service","timestamp":"2025-03-12T11:22:04.904Z"}
{"level":"error","message":"proxy error : Cannot read properties of null (reading 'headers')","service":"api-gate-way-service","timestamp":"2025-03-12T11:22:08.884Z"}
{"level":"error","message":"proxy error : Cannot read properties of null (reading 'headers')","service":"api-gate-way-service","timestamp":"2025-03-12T11:22:12.438Z"}
{"level":"error","message":"proxy error : Cannot read properties of null (reading 'headers')","service":"api-gate-way-service","timestamp":"2025-03-12T11:24:30.320Z"}
{"level":"error","message":"proxy error : Cannot read properties of null (reading 'headers')","service":"api-gate-way-service","timestamp":"2025-03-12T11:26:57.312Z"}
{"level":"error","message":"proxy error : Cannot read properties of null (reading 'headers')","service":"api-gate-way-service","timestamp":"2025-03-12T11:27:19.123Z"}
{"level":"error","message":"proxy error : Cannot read properties of null (reading 'headers')","service":"api-gate-way-service","timestamp":"2025-03-12T11:28:36.394Z"}
{"level":"error","message":"proxy error : Cannot read properties of null (reading 'headers')","service":"api-gate-way-service","timestamp":"2025-03-12T11:29:04.356Z"}
{"level":"error","message":"proxy error : Cannot read properties of null (reading 'headers')","service":"api-gate-way-service","timestamp":"2025-03-12T11:29:39.752Z"}
{"level":"error","message":"proxy error : Cannot read properties of null (reading 'headers')","service":"api-gate-way-service","timestamp":"2025-03-12T11:29:48.561Z"}
{"level":"error","message":"proxy error : Cannot read properties of null (reading 'headers')","service":"api-gate-way-service","timestamp":"2025-03-12T11:31:45.038Z"}
{"level":"error","message":"proxy error : Cannot read properties of null (reading 'headers')","service":"api-gate-way-service","timestamp":"2025-03-12T11:33:53.340Z"}
{"level":"error","message":"proxy error : Cannot read properties of null (reading 'headers')","service":"api-gate-way-service","timestamp":"2025-03-12T11:35:59.514Z"}
{"level":"error","message":"proxy error : Cannot read properties of null (reading 'headers')","service":"api-gate-way-service","timestamp":"2025-03-12T11:39:32.914Z"}
{"level":"error","message":"proxy error : Cannot read properties of null (reading 'headers')","service":"api-gate-way-service","timestamp":"2025-03-12T11:40:20.565Z"}
{"level":"error","message":"proxy error : Cannot read properties of null (reading 'headers')","service":"api-gate-way-service","timestamp":"2025-03-12T11:47:44.729Z"}
{"level":"error","message":"proxy error : Cannot read properties of null (reading 'headers')","service":"api-gate-way-service","timestamp":"2025-03-12T11:48:59.800Z"}
{"level":"error","message":"proxy error : Cannot read properties of null (reading 'headers')","service":"api-gate-way-service","timestamp":"2025-03-12T11:51:21.361Z"}
{"level":"error","message":"proxy error : Cannot read properties of null (reading 'headers')","service":"api-gate-way-service","timestamp":"2025-03-12T11:51:44.182Z"}
{"level":"error","message":"proxy error : Cannot read properties of null (reading 'headers')","service":"api-gate-way-service","timestamp":"2025-03-12T11:52:23.331Z"}
{"level":"error","message":"proxy error : Cannot read properties of null (reading 'headers')","service":"api-gate-way-service","timestamp":"2025-03-12T11:55:08.289Z"}
{"level":"error","message":"proxy error : Cannot read properties of null (reading 'headers')","service":"api-gate-way-service","timestamp":"2025-03-12T11:55:48.030Z"}
{"level":"error","message":"proxy error : Cannot read properties of null (reading 'headers')","service":"api-gate-way-service","timestamp":"2025-03-12T11:57:18.934Z"}
{"level":"error","message":"proxy error : Cannot read properties of null (reading 'headers')","service":"api-gate-way-service","timestamp":"2025-03-12T11:57:48.114Z"}
{"level":"error","message":"proxy error : Cannot read properties of null (reading 'headers')","service":"api-gate-way-service","timestamp":"2025-03-12T11:59:50.888Z"}
{"level":"error","message":"proxy error : Cannot read properties of null (reading 'headers')","service":"api-gate-way-service","timestamp":"2025-03-12T12:03:03.351Z"}
{"level":"error","message":"proxy error : Cannot read properties of null (reading 'headers')","service":"api-gate-way-service","timestamp":"2025-03-12T12:03:36.550Z"}
{"level":"error","message":"proxy error : Cannot read properties of null (reading 'headers')","service":"api-gate-way-service","timestamp":"2025-03-12T12:03:58.433Z"}
{"level":"error","message":"proxy error : Cannot read properties of null (reading 'headers')","service":"api-gate-way-service","timestamp":"2025-03-12T12:10:41.271Z"}
{"level":"error","message":"proxy error : Cannot read properties of null (reading 'headers')","service":"api-gate-way-service","timestamp":"2025-03-12T12:11:14.365Z"}
{"level":"error","message":"proxy error : Cannot read properties of null (reading 'headers')","service":"api-gate-way-service","timestamp":"2025-03-12T12:11:16.277Z"}
{"level":"error","message":"proxy error : Cannot read properties of null (reading 'headers')","service":"api-gate-way-service","timestamp":"2025-03-12T12:11:32.712Z"}
{"level":"error","message":"proxy error : Cannot read properties of null (reading 'headers')","service":"api-gate-way-service","timestamp":"2025-03-12T12:18:46.678Z"}
{"level":"error","message":"proxy error : ","service":"api-gate-way-service","timestamp":"2025-03-12T12:23:29.683Z"}
{"level":"error","message":"proxy error : Cannot read properties of null (reading 'headers')","service":"api-gate-way-service","timestamp":"2025-03-12T12:25:32.639Z"}
{"level":"error","message":"proxy error : Cannot read properties of null (reading 'headers')","service":"api-gate-way-service","timestamp":"2025-03-12T12:27:21.638Z"}
{"level":"error","message":"proxy error : Cannot read properties of null (reading 'headers')","service":"api-gate-way-service","timestamp":"2025-03-12T12:27:32.247Z"}
{"level":"error","message":"proxy error : Cannot read properties of null (reading 'headers')","service":"api-gate-way-service","timestamp":"2025-03-12T12:28:47.999Z"}
{"level":"error","message":"proxy error : Cannot read properties of null (reading 'headers')","service":"api-gate-way-service","timestamp":"2025-03-12T12:32:03.913Z"}
{"level":"error","message":"proxy error : Cannot read properties of null (reading 'headers')","service":"api-gate-way-service","timestamp":"2025-03-12T12:33:43.760Z"}
{"level":"error","message":"Proxy error: Cannot read properties of null (reading 'headers')","service":"api-gate-way-service","timestamp":"2025-03-12T12:40:46.320Z"}
{"level":"error","message":"Proxy error: Cannot read properties of null (reading 'headers')","service":"api-gate-way-service","timestamp":"2025-03-12T12:40:52.340Z"}
{"level":"error","message":"Proxy error: Cannot read properties of null (reading 'headers')","service":"api-gate-way-service","timestamp":"2025-03-12T12:44:28.101Z"}
{"level":"error","message":"Proxy error: write EPIPE","service":"api-gate-way-service","timestamp":"2025-03-12T12:54:14.564Z"}
{"level":"error","message":"SyntaxError: Expected ',' or '}' after property value in JSON at position 68 (line 3 column 18)\n    at JSON.parse (<anonymous>)\n    at parse (/Users/kolasanibaladitya/Desktop/microservices/api-gateway/node_modules/body-parser/lib/types/json.js:92:19)\n    at /Users/kolasanibaladitya/Desktop/microservices/api-gateway/node_modules/body-parser/lib/read.js:128:18\n    at AsyncResource.runInAsyncScope (node:async_hooks:214:14)\n    at invokeCallback (/Users/kolasanibaladitya/Desktop/microservices/api-gateway/node_modules/raw-body/index.js:238:16)\n    at done (/Users/kolasanibaladitya/Desktop/microservices/api-gateway/node_modules/raw-body/index.js:227:7)\n    at IncomingMessage.onEnd (/Users/kolasanibaladitya/Desktop/microservices/api-gateway/node_modules/raw-body/index.js:287:7)\n    at IncomingMessage.emit (node:events:507:28)\n    at endReadableNT (node:internal/streams/readable:1696:12)\n    at process.processTicksAndRejections (node:internal/process/task_queues:90:21)","service":"api-gate-way-service","timestamp":"2025-03-28T08:45:00.099Z"}
{"level":"error","message":"Proxy error: socket hang up","service":"api-gate-way-service","timestamp":"2025-03-28T09:57:38.676Z"}
{"level":"error","message":"Proxy error: Cannot read properties of undefined (reading 'startsWith')","service":"api-gate-way-service","timestamp":"2025-03-29T04:22:23.540Z"}
{"level":"error","message":"Proxy error: Cannot read properties of undefined (reading 'startsWith')","service":"api-gate-way-service","timestamp":"2025-03-29T04:24:35.629Z"}
{"level":"error","message":"Proxy error: Cannot read properties of undefined (reading 'startsWith')","service":"api-gate-way-service","timestamp":"2025-03-29T04:24:39.314Z"}
{"level":"error","message":"Proxy error: Cannot read properties of undefined (reading 'startsWith')","service":"api-gate-way-service","timestamp":"2025-03-29T04:25:00.544Z"}
{"level":"error","message":"Proxy error: Cannot read properties of undefined (reading 'startsWith')","service":"api-gate-way-service","timestamp":"2025-03-29T04:25:09.176Z"}
{"level":"error","message":"Proxy error: Cannot read properties of undefined (reading 'startsWith')","service":"api-gate-way-service","timestamp":"2025-03-29T04:25:36.670Z"}
{"level":"error","message":"Proxy error: Cannot read properties of undefined (reading 'startsWith')","service":"api-gate-way-service","timestamp":"2025-03-29T04:26:19.786Z"}
{"level":"error","message":"Proxy error: ","service":"api-gate-way-service","timestamp":"2025-03-29T06:20:03.764Z"}
