{"level":"info","message":"post service running on port 3002 ","service":"post-service","timestamp":"2025-02-24T07:39:59.699Z"}
{"level":"info","message":"connected to mongodb","service":"post-service","timestamp":"2025-02-24T07:40:01.053Z"}
{"level":"info","message":"post service running on port 3002 ","service":"post-service","timestamp":"2025-02-24T07:40:27.714Z"}
{"level":"info","message":"connected to mongodb","service":"post-service","timestamp":"2025-02-24T07:40:28.812Z"}
{"level":"info","message":"post service running on port 3002 ","service":"post-service","timestamp":"2025-02-24T09:35:53.089Z"}
{"level":"info","message":"connected to mongodb","service":"post-service","timestamp":"2025-02-24T09:35:54.353Z"}
{"level":"info","message":"received GET request to /api/posts/create-post","service":"post-service","timestamp":"2025-02-24T09:48:59.949Z"}
{"level":"info","message":"request body [object Object]","service":"post-service","timestamp":"2025-02-24T09:48:59.950Z"}
{"level":"info","message":"received POST request to /api/posts/create-post","service":"post-service","timestamp":"2025-02-24T09:49:46.129Z"}
{"level":"info","message":"request body [object Object]","service":"post-service","timestamp":"2025-02-24T09:49:46.130Z"}
{"level":"info","message":"create post endpoint hit","service":"post-service","timestamp":"2025-02-24T09:49:46.132Z"}
{"level":"error","message":"error occured while creating posts validPostCreation is not a function","service":"post-service","stack":"TypeError: validPostCreation is not a function\n    at createPost (C:\\Users\\ASUS\\OneDrive\\Desktop\\social-media-microservices\\post-service\\src\\controllers\\post-controllers.js:10:30)\n    at Layer.handle [as handle_request] (C:\\Users\\ASUS\\OneDrive\\Desktop\\social-media-microservices\\post-service\\node_modules\\express\\lib\\router\\layer.js:95:5)\n    at next (C:\\Users\\ASUS\\OneDrive\\Desktop\\social-media-microservices\\post-service\\node_modules\\express\\lib\\router\\route.js:149:13)\n    at Route.dispatch (C:\\Users\\ASUS\\OneDrive\\Desktop\\social-media-microservices\\post-service\\node_modules\\express\\lib\\router\\route.js:119:3)\n    at Layer.handle [as handle_request] (C:\\Users\\ASUS\\OneDrive\\Desktop\\social-media-microservices\\post-service\\node_modules\\express\\lib\\router\\layer.js:95:5)\n    at C:\\Users\\ASUS\\OneDrive\\Desktop\\social-media-microservices\\post-service\\node_modules\\express\\lib\\router\\index.js:284:15\n    at Function.process_params (C:\\Users\\ASUS\\OneDrive\\Desktop\\social-media-microservices\\post-service\\node_modules\\express\\lib\\router\\index.js:346:12)\n    at next (C:\\Users\\ASUS\\OneDrive\\Desktop\\social-media-microservices\\post-service\\node_modules\\express\\lib\\router\\index.js:280:10)\n    at authenticateRequest (C:\\Users\\ASUS\\OneDrive\\Desktop\\social-media-microservices\\post-service\\src\\middilewares\\authMiddleware.js:15:6)\n    at Layer.handle [as handle_request] (C:\\Users\\ASUS\\OneDrive\\Desktop\\social-media-microservices\\post-service\\node_modules\\express\\lib\\router\\layer.js:95:5)","timestamp":"2025-02-24T09:49:46.133Z"}
{"level":"info","message":"post service running on port 3002 ","service":"post-service","timestamp":"2025-02-24T09:50:44.315Z"}
{"level":"info","message":"connected to mongodb","service":"post-service","timestamp":"2025-02-24T09:50:45.609Z"}
{"level":"info","message":"received POST request to /api/posts/create-post","service":"post-service","timestamp":"2025-02-24T09:50:48.583Z"}
{"level":"info","message":"request body [object Object]","service":"post-service","timestamp":"2025-02-24T09:50:48.585Z"}
{"level":"info","message":"create post endpoint hit","service":"post-service","timestamp":"2025-02-24T09:50:48.593Z"}
{"level":"error","message":"error occured while creating posts validPostCreation is not a function","service":"post-service","stack":"TypeError: validPostCreation is not a function\n    at createPost (C:\\Users\\ASUS\\OneDrive\\Desktop\\social-media-microservices\\post-service\\src\\controllers\\post-controllers.js:10:30)\n    at Layer.handle [as handle_request] (C:\\Users\\ASUS\\OneDrive\\Desktop\\social-media-microservices\\post-service\\node_modules\\express\\lib\\router\\layer.js:95:5)\n    at next (C:\\Users\\ASUS\\OneDrive\\Desktop\\social-media-microservices\\post-service\\node_modules\\express\\lib\\router\\route.js:149:13)\n    at Route.dispatch (C:\\Users\\ASUS\\OneDrive\\Desktop\\social-media-microservices\\post-service\\node_modules\\express\\lib\\router\\route.js:119:3)\n    at Layer.handle [as handle_request] (C:\\Users\\ASUS\\OneDrive\\Desktop\\social-media-microservices\\post-service\\node_modules\\express\\lib\\router\\layer.js:95:5)\n    at C:\\Users\\ASUS\\OneDrive\\Desktop\\social-media-microservices\\post-service\\node_modules\\express\\lib\\router\\index.js:284:15\n    at Function.process_params (C:\\Users\\ASUS\\OneDrive\\Desktop\\social-media-microservices\\post-service\\node_modules\\express\\lib\\router\\index.js:346:12)\n    at next (C:\\Users\\ASUS\\OneDrive\\Desktop\\social-media-microservices\\post-service\\node_modules\\express\\lib\\router\\index.js:280:10)\n    at authenticateRequest (C:\\Users\\ASUS\\OneDrive\\Desktop\\social-media-microservices\\post-service\\src\\middilewares\\authMiddleware.js:15:6)\n    at Layer.handle [as handle_request] (C:\\Users\\ASUS\\OneDrive\\Desktop\\social-media-microservices\\post-service\\node_modules\\express\\lib\\router\\layer.js:95:5)","timestamp":"2025-02-24T09:50:48.595Z"}
{"level":"info","message":"post service running on port 3002 ","service":"post-service","timestamp":"2025-02-24T09:53:33.612Z"}
{"level":"info","message":"connected to mongodb","service":"post-service","timestamp":"2025-02-24T09:53:35.140Z"}
{"level":"info","message":"received POST request to /api/posts/create-post","service":"post-service","timestamp":"2025-02-24T09:53:39.678Z"}
{"level":"info","message":"request body [object Object]","service":"post-service","timestamp":"2025-02-24T09:53:39.680Z"}
{"level":"info","message":"create post endpoint hit","service":"post-service","timestamp":"2025-02-24T09:53:39.688Z"}
{"level":"error","message":"error occured while creating posts validPostCreation is not a function","service":"post-service","stack":"TypeError: validPostCreation is not a function\n    at createPost (C:\\Users\\ASUS\\OneDrive\\Desktop\\social-media-microservices\\post-service\\src\\controllers\\post-controllers.js:10:30)\n    at Layer.handle [as handle_request] (C:\\Users\\ASUS\\OneDrive\\Desktop\\social-media-microservices\\post-service\\node_modules\\express\\lib\\router\\layer.js:95:5)\n    at next (C:\\Users\\ASUS\\OneDrive\\Desktop\\social-media-microservices\\post-service\\node_modules\\express\\lib\\router\\route.js:149:13)\n    at Route.dispatch (C:\\Users\\ASUS\\OneDrive\\Desktop\\social-media-microservices\\post-service\\node_modules\\express\\lib\\router\\route.js:119:3)\n    at Layer.handle [as handle_request] (C:\\Users\\ASUS\\OneDrive\\Desktop\\social-media-microservices\\post-service\\node_modules\\express\\lib\\router\\layer.js:95:5)\n    at C:\\Users\\ASUS\\OneDrive\\Desktop\\social-media-microservices\\post-service\\node_modules\\express\\lib\\router\\index.js:284:15\n    at Function.process_params (C:\\Users\\ASUS\\OneDrive\\Desktop\\social-media-microservices\\post-service\\node_modules\\express\\lib\\router\\index.js:346:12)\n    at next (C:\\Users\\ASUS\\OneDrive\\Desktop\\social-media-microservices\\post-service\\node_modules\\express\\lib\\router\\index.js:280:10)\n    at authenticateRequest (C:\\Users\\ASUS\\OneDrive\\Desktop\\social-media-microservices\\post-service\\src\\middilewares\\authMiddleware.js:15:6)\n    at Layer.handle [as handle_request] (C:\\Users\\ASUS\\OneDrive\\Desktop\\social-media-microservices\\post-service\\node_modules\\express\\lib\\router\\layer.js:95:5)","timestamp":"2025-02-24T09:53:39.691Z"}
{"level":"info","message":"post service running on port 3002 ","service":"post-service","timestamp":"2025-02-24T09:54:20.928Z"}
{"level":"info","message":"connected to mongodb","service":"post-service","timestamp":"2025-02-24T09:54:21.708Z"}
{"level":"info","message":"received POST request to /api/posts/create-post","service":"post-service","timestamp":"2025-02-24T09:54:25.959Z"}
{"level":"info","message":"request body [object Object]","service":"post-service","timestamp":"2025-02-24T09:54:25.961Z"}
{"level":"info","message":"create post endpoint hit","service":"post-service","timestamp":"2025-02-24T09:54:25.970Z"}
{"$__":{"$versionError":null,"activePaths":{"paths":{"content":"require","user":"require"},"states":{"default":{},"modify":{},"require":{"content":true,"user":true}}},"backup":{"activePaths":{"default":{"_id":true,"createdAt":true},"modify":{"content":true,"mediaIds":true,"updatedAt":true,"user":true}},"validationError":null},"cachedRequired":{},"inserting":true,"op":null,"pathsToScopes":{"mediaIds":{"__v":0,"_id":"67bc41d2365c6a90f147fbeb","content":"hi all this the new post","createdAt":"2025-02-24T09:54:26.019Z","mediaIds":[],"updatedAt":"2025-02-24T09:54:26.019Z","user":"67bbf2b1ee8c360a9a880602"}},"saveOptions":null,"savedState":{},"saving":null,"validating":null},"$isNew":false,"_doc":{"__v":0,"_id":"67bc41d2365c6a90f147fbeb","content":"hi all this the new post","createdAt":"2025-02-24T09:54:26.019Z","mediaIds":[],"updatedAt":"2025-02-24T09:54:26.019Z","user":"67bbf2b1ee8c360a9a880602"},"level":"info","message":"created post successfully","service":"post-service","timestamp":"2025-02-24T09:54:26.091Z"}
{"level":"info","message":"post service running on port 3002 ","service":"post-service","timestamp":"2025-02-24T11:16:02.730Z"}
{"level":"info","message":"connected to mongodb","service":"post-service","timestamp":"2025-02-24T11:16:03.837Z"}
{"level":"info","message":"post service running on port 3002 ","service":"post-service","timestamp":"2025-02-24T11:17:47.474Z"}
{"level":"info","message":"connected to mongodb","service":"post-service","timestamp":"2025-02-24T11:17:50.078Z"}
{"level":"info","message":"post service running on port 3002 ","service":"post-service","timestamp":"2025-02-24T11:17:58.646Z"}
{"level":"info","message":"connected to mongodb","service":"post-service","timestamp":"2025-02-24T11:17:59.351Z"}
{"level":"info","message":"post service running on port 3002 ","service":"post-service","timestamp":"2025-02-24T11:18:36.172Z"}
{"level":"info","message":"connected to mongodb","service":"post-service","timestamp":"2025-02-24T11:18:36.910Z"}
{"level":"info","message":"post service running on port 3002 ","service":"post-service","timestamp":"2025-02-24T11:18:42.548Z"}
{"level":"info","message":"connected to mongodb","service":"post-service","timestamp":"2025-02-24T11:18:43.497Z"}
{"level":"info","message":"post service running on port 3002 ","service":"post-service","timestamp":"2025-02-24T11:18:56.228Z"}
{"level":"info","message":"connected to mongodb","service":"post-service","timestamp":"2025-02-24T11:18:56.934Z"}
{"level":"info","message":"received POST request to /api/posts/create-post","service":"post-service","timestamp":"2025-02-24T11:21:04.237Z"}
{"level":"info","message":"request body [object Object]","service":"post-service","timestamp":"2025-02-24T11:21:04.240Z"}
{"level":"info","message":"create post endpoint hit","service":"post-service","timestamp":"2025-02-24T11:21:04.251Z"}
{"$__":{"$versionError":null,"activePaths":{"paths":{"content":"require","user":"require"},"states":{"default":{},"modify":{},"require":{"content":true,"user":true}}},"backup":{"activePaths":{"default":{"_id":true,"createdAt":true},"modify":{"content":true,"mediaIds":true,"updatedAt":true,"user":true}},"validationError":null},"cachedRequired":{},"inserting":true,"op":null,"pathsToScopes":{"mediaIds":{"__v":0,"_id":"67bc5620ae729be95b793a76","content":"hi all this the new post","createdAt":"2025-02-24T11:21:04.274Z","mediaIds":[],"updatedAt":"2025-02-24T11:21:04.274Z","user":"67bbf2b1ee8c360a9a880602"}},"saveOptions":null,"savedState":{},"saving":null,"validating":null},"$isNew":false,"_doc":{"__v":0,"_id":"67bc5620ae729be95b793a76","content":"hi all this the new post","createdAt":"2025-02-24T11:21:04.274Z","mediaIds":[],"updatedAt":"2025-02-24T11:21:04.274Z","user":"67bbf2b1ee8c360a9a880602"},"level":"info","message":"created post successfully","service":"post-service","timestamp":"2025-02-24T11:21:04.355Z"}
{"level":"info","message":"received POST request to /api/posts/create-post","service":"post-service","timestamp":"2025-02-24T11:21:06.411Z"}
{"level":"info","message":"request body [object Object]","service":"post-service","timestamp":"2025-02-24T11:21:06.412Z"}
{"level":"info","message":"create post endpoint hit","service":"post-service","timestamp":"2025-02-24T11:21:06.414Z"}
{"$__":{"$versionError":null,"activePaths":{"paths":{"content":"require","user":"require"},"states":{"default":{},"modify":{},"require":{"content":true,"user":true}}},"backup":{"activePaths":{"default":{"_id":true,"createdAt":true},"modify":{"content":true,"mediaIds":true,"updatedAt":true,"user":true}},"validationError":null},"cachedRequired":{},"inserting":true,"op":null,"pathsToScopes":{"mediaIds":{"__v":0,"_id":"67bc5622ae729be95b793a78","content":"hi all this the new post","createdAt":"2025-02-24T11:21:06.416Z","mediaIds":[],"updatedAt":"2025-02-24T11:21:06.416Z","user":"67bbf2b1ee8c360a9a880602"}},"saveOptions":null,"savedState":{},"saving":null,"validating":null},"$isNew":false,"_doc":{"__v":0,"_id":"67bc5622ae729be95b793a78","content":"hi all this the new post","createdAt":"2025-02-24T11:21:06.416Z","mediaIds":[],"updatedAt":"2025-02-24T11:21:06.416Z","user":"67bbf2b1ee8c360a9a880602"},"level":"info","message":"created post successfully","service":"post-service","timestamp":"2025-02-24T11:21:06.495Z"}
{"level":"info","message":"received POST request to /api/posts/create-post","service":"post-service","timestamp":"2025-02-24T11:21:08.170Z"}
{"level":"info","message":"request body [object Object]","service":"post-service","timestamp":"2025-02-24T11:21:08.171Z"}
{"level":"info","message":"create post endpoint hit","service":"post-service","timestamp":"2025-02-24T11:21:08.175Z"}
{"$__":{"$versionError":null,"activePaths":{"paths":{"content":"require","user":"require"},"states":{"default":{},"modify":{},"require":{"content":true,"user":true}}},"backup":{"activePaths":{"default":{"_id":true,"createdAt":true},"modify":{"content":true,"mediaIds":true,"updatedAt":true,"user":true}},"validationError":null},"cachedRequired":{},"inserting":true,"op":null,"pathsToScopes":{"mediaIds":{"__v":0,"_id":"67bc5624ae729be95b793a7a","content":"hi all this the new post","createdAt":"2025-02-24T11:21:08.179Z","mediaIds":[],"updatedAt":"2025-02-24T11:21:08.179Z","user":"67bbf2b1ee8c360a9a880602"}},"saveOptions":null,"savedState":{},"saving":null,"validating":null},"$isNew":false,"_doc":{"__v":0,"_id":"67bc5624ae729be95b793a7a","content":"hi all this the new post","createdAt":"2025-02-24T11:21:08.179Z","mediaIds":[],"updatedAt":"2025-02-24T11:21:08.179Z","user":"67bbf2b1ee8c360a9a880602"},"level":"info","message":"created post successfully","service":"post-service","timestamp":"2025-02-24T11:21:08.225Z"}
{"level":"info","message":"received POST request to /api/posts/create-post","service":"post-service","timestamp":"2025-02-24T11:21:09.438Z"}
{"level":"info","message":"request body [object Object]","service":"post-service","timestamp":"2025-02-24T11:21:09.439Z"}
{"level":"info","message":"create post endpoint hit","service":"post-service","timestamp":"2025-02-24T11:21:09.442Z"}
{"$__":{"$versionError":null,"activePaths":{"paths":{"content":"require","user":"require"},"states":{"default":{},"modify":{},"require":{"content":true,"user":true}}},"backup":{"activePaths":{"default":{"_id":true,"createdAt":true},"modify":{"content":true,"mediaIds":true,"updatedAt":true,"user":true}},"validationError":null},"cachedRequired":{},"inserting":true,"op":null,"pathsToScopes":{"mediaIds":{"__v":0,"_id":"67bc5625ae729be95b793a7c","content":"hi all this the new post","createdAt":"2025-02-24T11:21:09.445Z","mediaIds":[],"updatedAt":"2025-02-24T11:21:09.445Z","user":"67bbf2b1ee8c360a9a880602"}},"saveOptions":null,"savedState":{},"saving":null,"validating":null},"$isNew":false,"_doc":{"__v":0,"_id":"67bc5625ae729be95b793a7c","content":"hi all this the new post","createdAt":"2025-02-24T11:21:09.445Z","mediaIds":[],"updatedAt":"2025-02-24T11:21:09.445Z","user":"67bbf2b1ee8c360a9a880602"},"level":"info","message":"created post successfully","service":"post-service","timestamp":"2025-02-24T11:21:09.491Z"}
{"level":"info","message":"received POST request to /api/posts/create-post","service":"post-service","timestamp":"2025-02-24T11:21:10.532Z"}
{"level":"info","message":"request body [object Object]","service":"post-service","timestamp":"2025-02-24T11:21:10.534Z"}
{"level":"info","message":"create post endpoint hit","service":"post-service","timestamp":"2025-02-24T11:21:10.538Z"}
{"$__":{"$versionError":null,"activePaths":{"paths":{"content":"require","user":"require"},"states":{"default":{},"modify":{},"require":{"content":true,"user":true}}},"backup":{"activePaths":{"default":{"_id":true,"createdAt":true},"modify":{"content":true,"mediaIds":true,"updatedAt":true,"user":true}},"validationError":null},"cachedRequired":{},"inserting":true,"op":null,"pathsToScopes":{"mediaIds":{"__v":0,"_id":"67bc5626ae729be95b793a7e","content":"hi all this the new post","createdAt":"2025-02-24T11:21:10.542Z","mediaIds":[],"updatedAt":"2025-02-24T11:21:10.542Z","user":"67bbf2b1ee8c360a9a880602"}},"saveOptions":null,"savedState":{},"saving":null,"validating":null},"$isNew":false,"_doc":{"__v":0,"_id":"67bc5626ae729be95b793a7e","content":"hi all this the new post","createdAt":"2025-02-24T11:21:10.542Z","mediaIds":[],"updatedAt":"2025-02-24T11:21:10.542Z","user":"67bbf2b1ee8c360a9a880602"},"level":"info","message":"created post successfully","service":"post-service","timestamp":"2025-02-24T11:21:10.583Z"}
{"level":"info","message":"received POST request to /api/posts/create-post","service":"post-service","timestamp":"2025-02-24T11:21:11.704Z"}
{"level":"info","message":"request body [object Object]","service":"post-service","timestamp":"2025-02-24T11:21:11.705Z"}
{"level":"info","message":"create post endpoint hit","service":"post-service","timestamp":"2025-02-24T11:21:11.708Z"}
{"$__":{"$versionError":null,"activePaths":{"paths":{"content":"require","user":"require"},"states":{"default":{},"modify":{},"require":{"content":true,"user":true}}},"backup":{"activePaths":{"default":{"_id":true,"createdAt":true},"modify":{"content":true,"mediaIds":true,"updatedAt":true,"user":true}},"validationError":null},"cachedRequired":{},"inserting":true,"op":null,"pathsToScopes":{"mediaIds":{"__v":0,"_id":"67bc5627ae729be95b793a80","content":"hi all this the new post","createdAt":"2025-02-24T11:21:11.709Z","mediaIds":[],"updatedAt":"2025-02-24T11:21:11.709Z","user":"67bbf2b1ee8c360a9a880602"}},"saveOptions":null,"savedState":{},"saving":null,"validating":null},"$isNew":false,"_doc":{"__v":0,"_id":"67bc5627ae729be95b793a80","content":"hi all this the new post","createdAt":"2025-02-24T11:21:11.709Z","mediaIds":[],"updatedAt":"2025-02-24T11:21:11.709Z","user":"67bbf2b1ee8c360a9a880602"},"level":"info","message":"created post successfully","service":"post-service","timestamp":"2025-02-24T11:21:11.757Z"}
{"level":"info","message":"received GET request to /api/posts/get-posts","service":"post-service","timestamp":"2025-02-24T11:22:33.465Z"}
{"level":"info","message":"request body [object Object]","service":"post-service","timestamp":"2025-02-24T11:22:33.466Z"}
{"level":"info","message":"received GET request to /api/posts/get-posts","service":"post-service","timestamp":"2025-02-24T11:24:57.848Z"}
{"level":"info","message":"request body [object Object]","service":"post-service","timestamp":"2025-02-24T11:24:57.849Z"}
{"level":"info","message":"post service running on port 3002 ","service":"post-service","timestamp":"2025-02-24T11:26:59.110Z"}
{"level":"info","message":"connected to mongodb","service":"post-service","timestamp":"2025-02-24T11:27:00.192Z"}
{"level":"info","message":"received GET request to /api/posts/get-posts","service":"post-service","timestamp":"2025-02-24T11:27:05.063Z"}
{"level":"info","message":"request body [object Object]","service":"post-service","timestamp":"2025-02-24T11:27:05.065Z"}
{"level":"info","message":"post service running on port 3002 ","service":"post-service","timestamp":"2025-02-24T11:29:08.970Z"}
{"level":"info","message":"connected to mongodb","service":"post-service","timestamp":"2025-02-24T11:29:10.464Z"}
{"level":"info","message":"post service running on port 3002 ","service":"post-service","timestamp":"2025-02-24T11:30:22.936Z"}
{"level":"info","message":"connected to mongodb","service":"post-service","timestamp":"2025-02-24T11:30:23.992Z"}
{"level":"info","message":"received GET request to /api/posts/get-posts","service":"post-service","timestamp":"2025-02-24T11:30:27.483Z"}
{"level":"info","message":"request body [object Object]","service":"post-service","timestamp":"2025-02-24T11:30:27.484Z"}
{"level":"info","message":"received GET request to /api/posts/get-posts","service":"post-service","timestamp":"2025-02-24T11:42:55.491Z"}
{"level":"info","message":"request body [object Object]","service":"post-service","timestamp":"2025-02-24T11:42:55.493Z"}
{"level":"info","message":"post service running on port 3002 ","service":"post-service","timestamp":"2025-02-24T11:47:20.609Z"}
{"level":"info","message":"connected to mongodb","service":"post-service","timestamp":"2025-02-24T11:47:21.886Z"}
{"level":"info","message":"received GET request to /api/posts/get-posts","service":"post-service","timestamp":"2025-02-24T11:47:27.877Z"}
{"level":"info","message":"request body [object Object]","service":"post-service","timestamp":"2025-02-24T11:47:27.879Z"}
{"level":"info","message":"received POST request to /api/posts/create-post","service":"post-service","timestamp":"2025-02-24T11:48:31.735Z"}
{"level":"info","message":"request body [object Object]","service":"post-service","timestamp":"2025-02-24T11:48:31.737Z"}
{"level":"info","message":"create post endpoint hit","service":"post-service","timestamp":"2025-02-24T11:48:31.743Z"}
{"$__":{"$versionError":null,"activePaths":{"paths":{"content":"require","user":"require"},"states":{"default":{},"modify":{},"require":{"content":true,"user":true}}},"backup":{"activePaths":{"default":{"_id":true,"createdAt":true},"modify":{"content":true,"mediaIds":true,"updatedAt":true,"user":true}},"validationError":null},"cachedRequired":{},"inserting":true,"op":null,"pathsToScopes":{"mediaIds":{"__v":0,"_id":"67bc5c8fa5e2816fbefe8711","content":"hi all this the new post","createdAt":"2025-02-24T11:48:31.777Z","mediaIds":[],"updatedAt":"2025-02-24T11:48:31.777Z","user":"67bbf2b1ee8c360a9a880602"}},"saveOptions":null,"savedState":{},"saving":null,"validating":null},"$isNew":false,"_doc":{"__v":0,"_id":"67bc5c8fa5e2816fbefe8711","content":"hi all this the new post","createdAt":"2025-02-24T11:48:31.777Z","mediaIds":[],"updatedAt":"2025-02-24T11:48:31.777Z","user":"67bbf2b1ee8c360a9a880602"},"level":"info","message":"created post successfully","service":"post-service","timestamp":"2025-02-24T11:48:31.868Z"}
{"level":"info","message":"received GET request to /api/posts/get-posts","service":"post-service","timestamp":"2025-02-24T11:49:22.364Z"}
{"level":"info","message":"request body [object Object]","service":"post-service","timestamp":"2025-02-24T11:49:22.368Z"}
{"level":"info","message":"post service running on port 3002 ","service":"post-service","timestamp":"2025-02-24T11:50:12.231Z"}
{"level":"info","message":"connected to mongodb","service":"post-service","timestamp":"2025-02-24T11:50:13.482Z"}
{"level":"info","message":"received GET request to /api/posts/get-posts","service":"post-service","timestamp":"2025-02-24T11:50:40.039Z"}
{"level":"info","message":"request body [object Object]","service":"post-service","timestamp":"2025-02-24T11:50:40.040Z"}
{"level":"info","message":"post service running on port 3002 ","service":"post-service","timestamp":"2025-02-24T11:51:20.774Z"}
{"level":"info","message":"connected to mongodb","service":"post-service","timestamp":"2025-02-24T11:51:22.321Z"}
{"level":"info","message":"received GET request to /api/posts/get-posts","service":"post-service","timestamp":"2025-02-24T11:51:33.580Z"}
{"level":"info","message":"request body [object Object]","service":"post-service","timestamp":"2025-02-24T11:51:33.582Z"}
{"level":"info","message":"post service running on port 3002 ","service":"post-service","timestamp":"2025-02-24T11:53:05.208Z"}
{"level":"info","message":"connected to mongodb","service":"post-service","timestamp":"2025-02-24T11:53:07.067Z"}
{"level":"info","message":"received GET request to /api/posts/get-posts","service":"post-service","timestamp":"2025-02-24T11:53:25.732Z"}
{"level":"info","message":"request body [object Object]","service":"post-service","timestamp":"2025-02-24T11:53:25.735Z"}
{"level":"info","message":"post service running on port 3002 ","service":"post-service","timestamp":"2025-02-24T11:58:42.880Z"}
{"level":"info","message":"connected to mongodb","service":"post-service","timestamp":"2025-02-24T11:58:43.896Z"}
{"level":"info","message":"received GET request to /api/posts/get-posts","service":"post-service","timestamp":"2025-02-24T11:58:47.276Z"}
{"level":"info","message":"request body [object Object]","service":"post-service","timestamp":"2025-02-24T11:58:47.277Z"}
{"level":"info","message":"post service running on port 3002 ","service":"post-service","timestamp":"2025-02-24T12:02:17.536Z"}
{"level":"info","message":"connected to mongodb","service":"post-service","timestamp":"2025-02-24T12:02:18.924Z"}
{"level":"info","message":"received GET request to /api/posts/get-posts","service":"post-service","timestamp":"2025-02-24T12:02:21.540Z"}
{"level":"info","message":"request body [object Object]","service":"post-service","timestamp":"2025-02-24T12:02:21.542Z"}
{"level":"info","message":"post service running on port 3002 ","service":"post-service","timestamp":"2025-02-24T12:04:35.502Z"}
{"level":"info","message":"connected to mongodb","service":"post-service","timestamp":"2025-02-24T12:04:36.564Z"}
{"level":"info","message":"received GET request to /api/posts/get-posts","service":"post-service","timestamp":"2025-02-24T12:04:41.799Z"}
{"level":"info","message":"request body [object Object]","service":"post-service","timestamp":"2025-02-24T12:04:41.801Z"}
{"level":"info","message":"received POST request to /api/posts/get-posts","service":"post-service","timestamp":"2025-02-24T12:05:37.814Z"}
{"level":"info","message":"request body [object Object]","service":"post-service","timestamp":"2025-02-24T12:05:37.815Z"}
{"level":"info","message":"received POST request to /api/posts/create-post","service":"post-service","timestamp":"2025-02-24T12:06:00.108Z"}
{"level":"info","message":"request body [object Object]","service":"post-service","timestamp":"2025-02-24T12:06:00.109Z"}
{"level":"info","message":"create post endpoint hit","service":"post-service","timestamp":"2025-02-24T12:06:00.115Z"}
{"$__":{"$versionError":null,"activePaths":{"paths":{"content":"require","user":"require"},"states":{"default":{},"modify":{},"require":{"content":true,"user":true}}},"backup":{"activePaths":{"default":{"_id":true,"createdAt":true},"modify":{"content":true,"mediaIds":true,"updatedAt":true,"user":true}},"validationError":null},"cachedRequired":{},"inserting":true,"op":null,"pathsToScopes":{"mediaIds":{"__v":0,"_id":"67bc60a81855cac5db7565f7","content":"hi all this the new post","createdAt":"2025-02-24T12:06:00.151Z","mediaIds":[],"updatedAt":"2025-02-24T12:06:00.151Z","user":"67bbf2b1ee8c360a9a880602"}},"saveOptions":null,"savedState":{},"saving":null,"validating":null},"$isNew":false,"_doc":{"__v":0,"_id":"67bc60a81855cac5db7565f7","content":"hi all this the new post","createdAt":"2025-02-24T12:06:00.151Z","mediaIds":[],"updatedAt":"2025-02-24T12:06:00.151Z","user":"67bbf2b1ee8c360a9a880602"},"level":"info","message":"created post successfully","service":"post-service","timestamp":"2025-02-24T12:06:00.239Z"}
{"level":"info","message":"received POST request to /api/posts/get-posts","service":"post-service","timestamp":"2025-02-24T12:07:22.854Z"}
{"level":"info","message":"request body [object Object]","service":"post-service","timestamp":"2025-02-24T12:07:22.856Z"}
{"level":"info","message":"received POST request to /api/posts/get-posts","service":"post-service","timestamp":"2025-02-24T12:07:48.591Z"}
{"level":"info","message":"request body [object Object]","service":"post-service","timestamp":"2025-02-24T12:07:48.592Z"}
{"level":"info","message":"post service running on port 3002 ","service":"post-service","timestamp":"2025-02-24T12:13:41.933Z"}
{"level":"info","message":"connected to mongodb","service":"post-service","timestamp":"2025-02-24T12:13:43.090Z"}
{"level":"info","message":"received POST request to /api/posts/get-posts","service":"post-service","timestamp":"2025-02-24T12:13:49.976Z"}
{"level":"info","message":"request body [object Object]","service":"post-service","timestamp":"2025-02-24T12:13:49.976Z"}
{"level":"info","message":"received GET request to /api/posts/get-posts","service":"post-service","timestamp":"2025-02-24T12:13:55.706Z"}
{"level":"info","message":"request body [object Object]","service":"post-service","timestamp":"2025-02-24T12:13:55.706Z"}
{"level":"info","message":"getting all posts endpoint hit","service":"post-service","timestamp":"2025-02-24T12:13:55.708Z"}
{"level":"info","message":"post service running on port 3002 ","service":"post-service","timestamp":"2025-03-02T03:52:50.888Z"}
{"level":"info","message":"connected to mongodb","service":"post-service","timestamp":"2025-03-02T03:52:51.568Z"}
{"level":"info","message":"received POST request to /api/posts/create-post","service":"post-service","timestamp":"2025-03-02T03:53:57.615Z"}
{"level":"info","message":"request body [object Object]","service":"post-service","timestamp":"2025-03-02T03:53:57.617Z"}
{"level":"info","message":"create post endpoint hit","service":"post-service","timestamp":"2025-03-02T03:53:57.627Z"}
{"$__":{"$versionError":null,"activePaths":{"paths":{"content":"require","user":"require"},"states":{"default":{},"modify":{},"require":{"content":true,"user":true}}},"backup":{"activePaths":{"default":{"_id":true,"createdAt":true},"modify":{"content":true,"mediaIds":true,"updatedAt":true,"user":true}},"validationError":null},"cachedRequired":{},"inserting":true,"op":null,"pathsToScopes":{"mediaIds":{"__v":0,"_id":"67c3d6558e042bb7abb3e232","content":"hi all this the new post","createdAt":"2025-03-02T03:53:57.663Z","mediaIds":[],"updatedAt":"2025-03-02T03:53:57.663Z","user":"67bbf2b1ee8c360a9a880602"}},"saveOptions":null,"savedState":{},"saving":null,"validating":null},"$isNew":false,"_doc":{"__v":0,"_id":"67c3d6558e042bb7abb3e232","content":"hi all this the new post","createdAt":"2025-03-02T03:53:57.663Z","mediaIds":[],"updatedAt":"2025-03-02T03:53:57.663Z","user":"67bbf2b1ee8c360a9a880602"},"level":"info","message":"created post successfully","service":"post-service","timestamp":"2025-03-02T03:53:57.792Z"}
{"level":"info","message":"received GET request to /api/posts/get-posts","service":"post-service","timestamp":"2025-03-02T03:54:10.121Z"}
{"level":"info","message":"request body [object Object]","service":"post-service","timestamp":"2025-03-02T03:54:10.126Z"}
{"level":"info","message":"getting all posts endpoint hit","service":"post-service","timestamp":"2025-03-02T03:54:10.130Z"}
{"level":"info","message":"received GET request to /api/posts/get-posts","service":"post-service","timestamp":"2025-03-02T03:54:14.412Z"}
{"level":"info","message":"request body [object Object]","service":"post-service","timestamp":"2025-03-02T03:54:14.414Z"}
{"level":"info","message":"getting all posts endpoint hit","service":"post-service","timestamp":"2025-03-02T03:54:14.421Z"}
{"level":"info","message":"received GET request to /api/posts/get-posts","service":"post-service","timestamp":"2025-03-02T03:54:23.253Z"}
{"level":"info","message":"request body [object Object]","service":"post-service","timestamp":"2025-03-02T03:54:23.256Z"}
{"level":"info","message":"getting all posts endpoint hit","service":"post-service","timestamp":"2025-03-02T03:54:23.260Z"}
{"level":"info","message":"received GET request to /api/posts/get-posts","service":"post-service","timestamp":"2025-03-02T03:54:26.613Z"}
{"level":"info","message":"request body [object Object]","service":"post-service","timestamp":"2025-03-02T03:54:26.614Z"}
{"level":"info","message":"getting all posts endpoint hit","service":"post-service","timestamp":"2025-03-02T03:54:26.616Z"}
{"level":"info","message":"received GET request to /api/posts/get-posts","service":"post-service","timestamp":"2025-03-02T04:04:25.379Z"}
{"level":"info","message":"request body [object Object]","service":"post-service","timestamp":"2025-03-02T04:04:25.380Z"}
{"level":"info","message":"getting all posts endpoint hit","service":"post-service","timestamp":"2025-03-02T04:04:25.382Z"}
{"level":"info","message":"received GET request to /api/posts/get-posts","service":"post-service","timestamp":"2025-03-02T04:04:31.030Z"}
{"level":"info","message":"request body [object Object]","service":"post-service","timestamp":"2025-03-02T04:04:31.031Z"}
{"level":"info","message":"getting all posts endpoint hit","service":"post-service","timestamp":"2025-03-02T04:04:31.033Z"}
{"level":"info","message":"post service running on port 3002 ","service":"post-service","timestamp":"2025-03-02T04:04:42.509Z"}
{"level":"info","message":"connected to mongodb","service":"post-service","timestamp":"2025-03-02T04:04:43.694Z"}
{"level":"info","message":"received GET request to /api/posts/get-posts","service":"post-service","timestamp":"2025-03-02T04:04:47.798Z"}
{"level":"info","message":"request body [object Object]","service":"post-service","timestamp":"2025-03-02T04:04:47.799Z"}
{"level":"info","message":"getting all posts endpoint hit","service":"post-service","timestamp":"2025-03-02T04:04:47.807Z"}
{"level":"info","message":"received GET request to /api/posts/get-posts","service":"post-service","timestamp":"2025-03-02T04:04:50.593Z"}
{"level":"info","message":"request body [object Object]","service":"post-service","timestamp":"2025-03-02T04:04:50.595Z"}
{"level":"info","message":"getting all posts endpoint hit","service":"post-service","timestamp":"2025-03-02T04:04:50.598Z"}
{"level":"info","message":"received POST request to /api/posts/create-post","service":"post-service","timestamp":"2025-03-02T04:05:06.430Z"}
{"level":"info","message":"request body [object Object]","service":"post-service","timestamp":"2025-03-02T04:05:06.432Z"}
{"level":"info","message":"create post endpoint hit","service":"post-service","timestamp":"2025-03-02T04:05:06.437Z"}
{"$__":{"$versionError":null,"activePaths":{"paths":{"content":"require","user":"require"},"states":{"default":{},"modify":{},"require":{"content":true,"user":true}}},"backup":{"activePaths":{"default":{"_id":true,"createdAt":true},"modify":{"content":true,"mediaIds":true,"updatedAt":true,"user":true}},"validationError":null},"cachedRequired":{},"inserting":true,"op":null,"pathsToScopes":{"mediaIds":{"__v":0,"_id":"67c3d8f2579a85c6cd1d792b","content":"new post","createdAt":"2025-03-02T04:05:06.470Z","mediaIds":[],"updatedAt":"2025-03-02T04:05:06.470Z","user":"67bbf2b1ee8c360a9a880602"}},"saveOptions":null,"savedState":{},"saving":null,"validating":null},"$isNew":false,"_doc":{"__v":0,"_id":"67c3d8f2579a85c6cd1d792b","content":"new post","createdAt":"2025-03-02T04:05:06.470Z","mediaIds":[],"updatedAt":"2025-03-02T04:05:06.470Z","user":"67bbf2b1ee8c360a9a880602"},"level":"info","message":"created post successfully","service":"post-service","timestamp":"2025-03-02T04:05:06.556Z"}
{"level":"info","message":"received GET request to /api/posts/get-posts","service":"post-service","timestamp":"2025-03-02T04:05:12.220Z"}
{"level":"info","message":"request body [object Object]","service":"post-service","timestamp":"2025-03-02T04:05:12.221Z"}
{"level":"info","message":"getting all posts endpoint hit","service":"post-service","timestamp":"2025-03-02T04:05:12.225Z"}
{"level":"info","message":"post service running on port 3002 ","service":"post-service","timestamp":"2025-03-02T04:16:36.876Z"}
{"level":"info","message":"connected to mongodb","service":"post-service","timestamp":"2025-03-02T04:16:38.110Z"}
{"level":"info","message":"post service running on port 3002 ","service":"post-service","timestamp":"2025-03-02T04:17:55.544Z"}
{"level":"info","message":"connected to mongodb","service":"post-service","timestamp":"2025-03-02T04:17:56.888Z"}
{"level":"info","message":"received GET request to /api/posts/67c3d8f2579a85c6cd1d792b","service":"post-service","timestamp":"2025-03-02T04:19:59.326Z"}
{"level":"info","message":"request body [object Object]","service":"post-service","timestamp":"2025-03-02T04:19:59.328Z"}
{"level":"info","message":"fetching a post endpoint hit","service":"post-service","timestamp":"2025-03-02T04:19:59.338Z"}
{"level":"info","message":"received GET request to /api/posts/67c3d8f2579a85c6cd1d792b","service":"post-service","timestamp":"2025-03-02T04:20:03.252Z"}
{"level":"info","message":"request body [object Object]","service":"post-service","timestamp":"2025-03-02T04:20:03.253Z"}
{"level":"info","message":"fetching a post endpoint hit","service":"post-service","timestamp":"2025-03-02T04:20:03.257Z"}
{"level":"error","message":"error occured while fetching a post by id cachedposts is not defined","service":"post-service","stack":"ReferenceError: cachedposts is not defined\n    at getPost (C:\\Users\\ASUS\\OneDrive\\Desktop\\social-media-microservices\\post-service\\src\\controllers\\post-controllers.js:101:52)\n    at process.processTicksAndRejections (node:internal/process/task_queues:95:5)","timestamp":"2025-03-02T04:20:03.260Z"}
{"level":"info","message":"received GET request to /api/posts/67c3d8f2579a85c6cd1d792b","service":"post-service","timestamp":"2025-03-02T04:20:08.403Z"}
{"level":"info","message":"request body [object Object]","service":"post-service","timestamp":"2025-03-02T04:20:08.404Z"}
{"level":"info","message":"fetching a post endpoint hit","service":"post-service","timestamp":"2025-03-02T04:20:08.407Z"}
{"level":"error","message":"error occured while fetching a post by id cachedposts is not defined","service":"post-service","stack":"ReferenceError: cachedposts is not defined\n    at getPost (C:\\Users\\ASUS\\OneDrive\\Desktop\\social-media-microservices\\post-service\\src\\controllers\\post-controllers.js:101:52)\n    at process.processTicksAndRejections (node:internal/process/task_queues:95:5)","timestamp":"2025-03-02T04:20:08.408Z"}
{"level":"info","message":"post service running on port 3002 ","service":"post-service","timestamp":"2025-03-02T04:20:53.681Z"}
{"level":"info","message":"connected to mongodb","service":"post-service","timestamp":"2025-03-02T04:20:54.810Z"}
{"level":"info","message":"received GET request to /api/posts/67c3d8f2579a85c6cd1d792b","service":"post-service","timestamp":"2025-03-02T04:20:59.525Z"}
{"level":"info","message":"request body [object Object]","service":"post-service","timestamp":"2025-03-02T04:20:59.527Z"}
{"level":"info","message":"fetching a post endpoint hit","service":"post-service","timestamp":"2025-03-02T04:20:59.533Z"}
{"level":"error","message":"error occured while fetching a post by id cachedposts is not defined","service":"post-service","stack":"ReferenceError: cachedposts is not defined\n    at getPost (C:\\Users\\ASUS\\OneDrive\\Desktop\\social-media-microservices\\post-service\\src\\controllers\\post-controllers.js:101:52)\n    at process.processTicksAndRejections (node:internal/process/task_queues:95:5)","timestamp":"2025-03-02T04:20:59.536Z"}
{"level":"info","message":"received GET request to /api/posts/67c3d8f2579a85c6cd1d792b","service":"post-service","timestamp":"2025-03-02T04:21:02.074Z"}
{"level":"info","message":"request body [object Object]","service":"post-service","timestamp":"2025-03-02T04:21:02.076Z"}
{"level":"info","message":"fetching a post endpoint hit","service":"post-service","timestamp":"2025-03-02T04:21:02.079Z"}
{"level":"error","message":"error occured while fetching a post by id cachedposts is not defined","service":"post-service","stack":"ReferenceError: cachedposts is not defined\n    at getPost (C:\\Users\\ASUS\\OneDrive\\Desktop\\social-media-microservices\\post-service\\src\\controllers\\post-controllers.js:101:52)\n    at process.processTicksAndRejections (node:internal/process/task_queues:95:5)","timestamp":"2025-03-02T04:21:02.080Z"}
{"level":"info","message":"received GET request to /api/posts/67c3d8f2579a85c6cd1d792b","service":"post-service","timestamp":"2025-03-02T04:21:33.001Z"}
{"level":"info","message":"request body [object Object]","service":"post-service","timestamp":"2025-03-02T04:21:33.002Z"}
{"level":"info","message":"fetching a post endpoint hit","service":"post-service","timestamp":"2025-03-02T04:21:33.006Z"}
{"level":"error","message":"error occured while fetching a post by id cachedposts is not defined","service":"post-service","stack":"ReferenceError: cachedposts is not defined\n    at getPost (C:\\Users\\ASUS\\OneDrive\\Desktop\\social-media-microservices\\post-service\\src\\controllers\\post-controllers.js:101:52)\n    at process.processTicksAndRejections (node:internal/process/task_queues:95:5)","timestamp":"2025-03-02T04:21:33.008Z"}
{"level":"info","message":"post service running on port 3002 ","service":"post-service","timestamp":"2025-03-02T04:22:19.498Z"}
{"level":"info","message":"connected to mongodb","service":"post-service","timestamp":"2025-03-02T04:22:22.977Z"}
{"level":"info","message":"received GET request to /api/posts/67c3d8f2579a85c6cd1d792b","service":"post-service","timestamp":"2025-03-02T04:22:25.629Z"}
{"level":"info","message":"request body [object Object]","service":"post-service","timestamp":"2025-03-02T04:22:25.630Z"}
{"level":"info","message":"fetching a post endpoint hit","service":"post-service","timestamp":"2025-03-02T04:22:25.637Z"}
{"level":"info","message":"received GET request to /api/posts/67c3d8f2579a85c6cd1d792b","service":"post-service","timestamp":"2025-03-02T04:22:28.675Z"}
{"level":"info","message":"request body [object Object]","service":"post-service","timestamp":"2025-03-02T04:22:28.676Z"}
{"level":"info","message":"fetching a post endpoint hit","service":"post-service","timestamp":"2025-03-02T04:22:28.681Z"}
{"level":"info","message":"received GET request to /api/posts/67c3d8f2579a85c6cd1d792b","service":"post-service","timestamp":"2025-03-02T04:22:30.936Z"}
{"level":"info","message":"request body [object Object]","service":"post-service","timestamp":"2025-03-02T04:22:30.937Z"}
{"level":"info","message":"fetching a post endpoint hit","service":"post-service","timestamp":"2025-03-02T04:22:30.941Z"}
{"level":"info","message":"post service running on port 3002 ","service":"post-service","timestamp":"2025-03-02T04:22:50.458Z"}
{"level":"info","message":"connected to mongodb","service":"post-service","timestamp":"2025-03-02T04:22:51.329Z"}
{"level":"info","message":"received GET request to /api/posts/67c3d8f2579a85c6cd1d792b","service":"post-service","timestamp":"2025-03-02T04:22:53.532Z"}
{"level":"info","message":"request body [object Object]","service":"post-service","timestamp":"2025-03-02T04:22:53.533Z"}
{"level":"info","message":"fetching a post endpoint hit","service":"post-service","timestamp":"2025-03-02T04:22:53.545Z"}
{"level":"info","message":"received GET request to /api/posts/67c3d8f2579a85c6cd1d792b","service":"post-service","timestamp":"2025-03-02T04:22:56.458Z"}
{"level":"info","message":"request body [object Object]","service":"post-service","timestamp":"2025-03-02T04:22:56.459Z"}
{"level":"info","message":"fetching a post endpoint hit","service":"post-service","timestamp":"2025-03-02T04:22:56.463Z"}
{"level":"info","message":"received GET request to /api/posts/67c3d8f2579a85c6cd1d792b","service":"post-service","timestamp":"2025-03-02T04:22:58.914Z"}
{"level":"info","message":"request body [object Object]","service":"post-service","timestamp":"2025-03-02T04:22:58.916Z"}
{"level":"info","message":"fetching a post endpoint hit","service":"post-service","timestamp":"2025-03-02T04:22:58.919Z"}
{"level":"info","message":"post service running on port 3002 ","service":"post-service","timestamp":"2025-03-02T04:23:59.635Z"}
{"level":"info","message":"connected to mongodb","service":"post-service","timestamp":"2025-03-02T04:24:02.805Z"}
{"level":"info","message":"received GET request to /api/posts/67c3d8f2579a85c6cd1d792b","service":"post-service","timestamp":"2025-03-02T04:24:05.985Z"}
{"level":"info","message":"request body [object Object]","service":"post-service","timestamp":"2025-03-02T04:24:05.986Z"}
{"level":"info","message":"fetching a post endpoint hit","service":"post-service","timestamp":"2025-03-02T04:24:05.992Z"}
{"level":"info","message":"received GET request to /api/posts/67c3d8f2579a85c6cd1d792b","service":"post-service","timestamp":"2025-03-02T04:24:07.846Z"}
{"level":"info","message":"request body [object Object]","service":"post-service","timestamp":"2025-03-02T04:24:07.848Z"}
{"level":"info","message":"fetching a post endpoint hit","service":"post-service","timestamp":"2025-03-02T04:24:07.853Z"}
{"level":"info","message":"post service running on port 3002 ","service":"post-service","timestamp":"2025-03-02T04:35:55.125Z"}
{"level":"info","message":"connected to mongodb","service":"post-service","timestamp":"2025-03-02T04:35:56.567Z"}
{"level":"info","message":"post service running on port 3002 ","service":"post-service","timestamp":"2025-03-02T04:36:39.626Z"}
{"level":"info","message":"connected to mongodb","service":"post-service","timestamp":"2025-03-02T04:36:40.315Z"}
{"level":"info","message":"received DELETE request to /api/posts/67c3d8f2579a85c6cd1d792b","service":"post-service","timestamp":"2025-03-02T04:38:00.482Z"}
{"level":"info","message":"request body [object Object]","service":"post-service","timestamp":"2025-03-02T04:38:00.484Z"}
{"level":"info","message":"delete post endpoint hit","service":"post-service","timestamp":"2025-03-02T04:38:00.493Z"}
{"level":"info","message":"received DELETE request to /api/posts/67c3d8f2579a85c6cd1d792b","service":"post-service","timestamp":"2025-03-02T04:38:04.016Z"}
{"level":"info","message":"request body [object Object]","service":"post-service","timestamp":"2025-03-02T04:38:04.017Z"}
{"level":"info","message":"delete post endpoint hit","service":"post-service","timestamp":"2025-03-02T04:38:04.020Z"}
{"level":"info","message":"received GET request to /api/posts/67c3d8f2579a85c6cd1d792b","service":"post-service","timestamp":"2025-03-02T04:38:20.586Z"}
{"level":"info","message":"request body [object Object]","service":"post-service","timestamp":"2025-03-02T04:38:20.588Z"}
{"level":"info","message":"fetching a post endpoint hit","service":"post-service","timestamp":"2025-03-02T04:38:20.591Z"}
{"level":"info","message":"received GET request to /api/posts/67c3d8f2579a85c6cd1d792b","service":"post-service","timestamp":"2025-03-02T04:38:25.261Z"}
{"level":"info","message":"request body [object Object]","service":"post-service","timestamp":"2025-03-02T04:38:25.262Z"}
{"level":"info","message":"fetching a post endpoint hit","service":"post-service","timestamp":"2025-03-02T04:38:25.267Z"}
{"level":"info","message":"post service running on port 3002 ","service":"post-service","timestamp":"2025-03-02T04:38:52.434Z"}
{"level":"info","message":"connected to mongodb","service":"post-service","timestamp":"2025-03-02T04:38:53.998Z"}
{"level":"info","message":"received GET request to /api/posts/67c3d8f2579a85c6cd1d792b","service":"post-service","timestamp":"2025-03-02T04:38:57.501Z"}
{"level":"info","message":"request body [object Object]","service":"post-service","timestamp":"2025-03-02T04:38:57.503Z"}
{"level":"info","message":"fetching a post endpoint hit","service":"post-service","timestamp":"2025-03-02T04:38:57.514Z"}
{"level":"info","message":"received GET request to /api/posts/get-posts","service":"post-service","timestamp":"2025-03-02T04:39:03.369Z"}
{"level":"info","message":"request body [object Object]","service":"post-service","timestamp":"2025-03-02T04:39:03.371Z"}
{"level":"info","message":"getting all posts endpoint hit","service":"post-service","timestamp":"2025-03-02T04:39:03.378Z"}
{"level":"info","message":"received GET request to /api/posts/get-posts","service":"post-service","timestamp":"2025-03-02T04:39:06.754Z"}
{"level":"info","message":"request body [object Object]","service":"post-service","timestamp":"2025-03-02T04:39:06.757Z"}
{"level":"info","message":"getting all posts endpoint hit","service":"post-service","timestamp":"2025-03-02T04:39:06.768Z"}
{"level":"info","message":"received DELETE request to /api/posts/67c3d8f2579a85c6cd1d792b","service":"post-service","timestamp":"2025-03-02T04:39:12.318Z"}
{"level":"info","message":"request body [object Object]","service":"post-service","timestamp":"2025-03-02T04:39:12.319Z"}
{"level":"info","message":"delete post endpoint hit","service":"post-service","timestamp":"2025-03-02T04:39:12.324Z"}
{"level":"info","message":"received POST request to /api/posts/create-post","service":"post-service","timestamp":"2025-03-02T04:43:22.323Z"}
{"level":"info","message":"request body [object Object]","service":"post-service","timestamp":"2025-03-02T04:43:22.325Z"}
{"level":"info","message":"create post endpoint hit","service":"post-service","timestamp":"2025-03-02T04:43:22.327Z"}
{"$__":{"$versionError":null,"activePaths":{"paths":{"content":"require","user":"require"},"states":{"default":{},"modify":{},"require":{"content":true,"user":true}}},"backup":{"activePaths":{"default":{"_id":true,"createdAt":true},"modify":{"content":true,"mediaIds":true,"updatedAt":true,"user":true}},"validationError":null},"cachedRequired":{},"inserting":true,"op":null,"pathsToScopes":{"mediaIds":{"__v":0,"_id":"67c3e1ea4ce94ea9092bffe5","content":"new post","createdAt":"2025-03-02T04:43:22.341Z","mediaIds":[],"updatedAt":"2025-03-02T04:43:22.341Z","user":"67bbf2b1ee8c360a9a880602"}},"saveOptions":null,"savedState":{},"saving":null,"validating":null},"$isNew":false,"_doc":{"__v":0,"_id":"67c3e1ea4ce94ea9092bffe5","content":"new post","createdAt":"2025-03-02T04:43:22.341Z","mediaIds":[],"updatedAt":"2025-03-02T04:43:22.341Z","user":"67bbf2b1ee8c360a9a880602"},"level":"info","message":"created post successfully","service":"post-service","timestamp":"2025-03-02T04:43:22.465Z"}
{"level":"info","message":"received GET request to /api/posts/get-posts","service":"post-service","timestamp":"2025-03-02T04:44:15.926Z"}
{"level":"info","message":"request body [object Object]","service":"post-service","timestamp":"2025-03-02T04:44:15.934Z"}
{"level":"info","message":"getting all posts endpoint hit","service":"post-service","timestamp":"2025-03-02T04:44:15.937Z"}
{"level":"info","message":"received GET request to /api/posts/get-posts","service":"post-service","timestamp":"2025-03-02T04:44:19.515Z"}
{"level":"info","message":"request body [object Object]","service":"post-service","timestamp":"2025-03-02T04:44:19.516Z"}
{"level":"info","message":"getting all posts endpoint hit","service":"post-service","timestamp":"2025-03-02T04:44:19.520Z"}
{"level":"info","message":"received GET request to /api/posts/67c3e1ea4ce94ea9092bffe5","service":"post-service","timestamp":"2025-03-02T04:44:35.529Z"}
{"level":"info","message":"request body [object Object]","service":"post-service","timestamp":"2025-03-02T04:44:35.530Z"}
{"level":"info","message":"fetching a post endpoint hit","service":"post-service","timestamp":"2025-03-02T04:44:35.533Z"}
{"level":"info","message":"received GET request to /api/posts/67c3e1ea4ce94ea9092bffe5","service":"post-service","timestamp":"2025-03-02T04:44:38.616Z"}
{"level":"info","message":"request body [object Object]","service":"post-service","timestamp":"2025-03-02T04:44:38.617Z"}
{"level":"info","message":"fetching a post endpoint hit","service":"post-service","timestamp":"2025-03-02T04:44:38.619Z"}
{"level":"info","message":"received DELETE request to /api/posts/67c3e1ea4ce94ea9092bffe5","service":"post-service","timestamp":"2025-03-02T04:44:48.205Z"}
{"level":"info","message":"request body [object Object]","service":"post-service","timestamp":"2025-03-02T04:44:48.206Z"}
{"level":"info","message":"delete post endpoint hit","service":"post-service","timestamp":"2025-03-02T04:44:48.210Z"}
{"level":"info","message":"received DELETE request to /api/posts/67c3e1ea4ce94ea9092bffe5","service":"post-service","timestamp":"2025-03-02T04:44:52.197Z"}
{"level":"info","message":"request body [object Object]","service":"post-service","timestamp":"2025-03-02T04:44:52.198Z"}
{"level":"info","message":"delete post endpoint hit","service":"post-service","timestamp":"2025-03-02T04:44:52.202Z"}
{"level":"info","message":"received GET request to /api/posts/67c3e1ea4ce94ea9092bffe5","service":"post-service","timestamp":"2025-03-02T04:44:58.482Z"}
{"level":"info","message":"request body [object Object]","service":"post-service","timestamp":"2025-03-02T04:44:58.483Z"}
{"level":"info","message":"fetching a post endpoint hit","service":"post-service","timestamp":"2025-03-02T04:44:58.485Z"}
{"level":"info","message":"post service running on port 3002 ","service":"post-service","timestamp":"2025-03-02T05:44:29.589Z"}
{"level":"info","message":"connected to mongodb","service":"post-service","timestamp":"2025-03-02T05:44:30.633Z"}
