{"level":"info","message":"user service running on port 3001 ","service":"user-service","timestamp":"2025-01-06T10:17:39.661Z"}
{"code":8000,"codeName":"AtlasError","connectionGeneration":0,"errorResponse":{"code":8000,"codeName":"AtlasError","errmsg":"bad auth : Authentication failed.","ok":0},"level":"error","message":"mongodb connection error bad auth : Authentication failed.","ok":0,"service":"user-service","stack":"MongoServerError: bad auth : Authentication failed.\n    at Connection.sendCommand (C:\\Users\\ASUS\\OneDrive\\Desktop\\social-media-microservices\\user-service\\node_modules\\mongodb\\lib\\cmap\\connection.js:296:27)\n    at process.processTicksAndRejections (node:internal/process/task_queues:95:5)\n    at async Connection.command (C:\\Users\\ASUS\\OneDrive\\Desktop\\social-media-microservices\\user-service\\node_modules\\mongodb\\lib\\cmap\\connection.js:323:26)\n    at async executeScram (C:\\Users\\ASUS\\OneDrive\\Desktop\\social-media-microservices\\user-service\\node_modules\\mongodb\\lib\\cmap\\auth\\scram.js:79:22)\n    at async ScramSHA256.auth (C:\\Users\\ASUS\\OneDrive\\Desktop\\social-media-microservices\\user-service\\node_modules\\mongodb\\lib\\cmap\\auth\\scram.js:39:16)\n    at async performInitialHandshake (C:\\Users\\ASUS\\OneDrive\\Desktop\\social-media-microservices\\user-service\\node_modules\\mongodb\\lib\\cmap\\connect.js:104:13)\n    at async connect (C:\\Users\\ASUS\\OneDrive\\Desktop\\social-media-microservices\\user-service\\node_modules\\mongodb\\lib\\cmap\\connect.js:24:9)","timestamp":"2025-01-06T10:17:40.964Z"}
{"level":"info","message":"user service running on port 3001 ","service":"user-service","timestamp":"2025-01-06T10:21:15.022Z"}
{"level":"info","message":"connected to mongodb","service":"user-service","timestamp":"2025-01-06T10:21:16.059Z"}
{"level":"info","message":"user service running on port 3001 ","service":"user-service","timestamp":"2025-01-06T10:24:19.956Z"}
{"level":"info","message":"connected to mongodb","service":"user-service","timestamp":"2025-01-06T10:24:20.865Z"}
{"level":"info","message":"user service running on port 3001 ","service":"user-service","timestamp":"2025-01-06T10:24:45.909Z"}
{"level":"info","message":"connected to mongodb","service":"user-service","timestamp":"2025-01-06T10:24:46.604Z"}
{"level":"info","message":"user service running on port 3001 ","service":"user-service","timestamp":"2025-01-06T10:25:02.940Z"}
{"level":"info","message":"connected to mongodb","service":"user-service","timestamp":"2025-01-06T10:25:03.939Z"}
{"level":"info","message":"user service running on port 3001 ","service":"user-service","timestamp":"2025-02-10T10:35:35.179Z"}
{"level":"info","message":"connected to mongodb","service":"user-service","timestamp":"2025-02-10T10:35:37.107Z"}
{"level":"info","message":"user service running on port 3001 ","service":"user-service","timestamp":"2025-02-10T10:46:36.082Z"}
{"level":"info","message":"connected to mongodb","service":"user-service","timestamp":"2025-02-10T10:46:39.584Z"}
{"level":"info","message":"received POST request to /api/auth/register","service":"user-service","timestamp":"2025-02-10T10:51:56.141Z"}
{"level":"info","message":"request body [object Object]","service":"user-service","timestamp":"2025-02-10T10:51:56.142Z"}
{"level":"info","message":"Registration endpoint hit","service":"user-service","timestamp":"2025-02-10T10:51:56.151Z"}
{"level":"error","message":"registration error occured validRegistration is not a function","service":"user-service","stack":"TypeError: validRegistration is not a function\n    at registerUser (C:\\Users\\ASUS\\OneDrive\\Desktop\\social-media-microservices\\user-service\\src\\controllers\\user-controller.js:17:23)\n    at Layer.handle [as handle_request] (C:\\Users\\ASUS\\OneDrive\\Desktop\\social-media-microservices\\user-service\\node_modules\\express\\lib\\router\\layer.js:95:5)\n    at next (C:\\Users\\ASUS\\OneDrive\\Desktop\\social-media-microservices\\user-service\\node_modules\\express\\lib\\router\\route.js:149:13)\n    at Route.dispatch (C:\\Users\\ASUS\\OneDrive\\Desktop\\social-media-microservices\\user-service\\node_modules\\express\\lib\\router\\route.js:119:3)\n    at Layer.handle [as handle_request] (C:\\Users\\ASUS\\OneDrive\\Desktop\\social-media-microservices\\user-service\\node_modules\\express\\lib\\router\\layer.js:95:5)\n    at C:\\Users\\ASUS\\OneDrive\\Desktop\\social-media-microservices\\user-service\\node_modules\\express\\lib\\router\\index.js:284:15\n    at Function.process_params (C:\\Users\\ASUS\\OneDrive\\Desktop\\social-media-microservices\\user-service\\node_modules\\express\\lib\\router\\index.js:346:12)\n    at next (C:\\Users\\ASUS\\OneDrive\\Desktop\\social-media-microservices\\user-service\\node_modules\\express\\lib\\router\\index.js:280:10)\n    at Function.handle (C:\\Users\\ASUS\\OneDrive\\Desktop\\social-media-microservices\\user-service\\node_modules\\express\\lib\\router\\index.js:175:3)\n    at router (C:\\Users\\ASUS\\OneDrive\\Desktop\\social-media-microservices\\user-service\\node_modules\\express\\lib\\router\\index.js:47:12)","timestamp":"2025-02-10T10:51:56.153Z"}
{"level":"info","message":"received POST request to /api/auth/register","service":"user-service","timestamp":"2025-02-10T10:56:36.330Z"}
{"level":"info","message":"request body [object Object]","service":"user-service","timestamp":"2025-02-10T10:56:36.331Z"}
{"level":"info","message":"Registration endpoint hit","service":"user-service","timestamp":"2025-02-10T10:56:36.333Z"}
{"level":"error","message":"registration error occured validRegistration is not a function","service":"user-service","stack":"TypeError: validRegistration is not a function\n    at registerUser (C:\\Users\\ASUS\\OneDrive\\Desktop\\social-media-microservices\\user-service\\src\\controllers\\user-controller.js:17:23)\n    at Layer.handle [as handle_request] (C:\\Users\\ASUS\\OneDrive\\Desktop\\social-media-microservices\\user-service\\node_modules\\express\\lib\\router\\layer.js:95:5)\n    at next (C:\\Users\\ASUS\\OneDrive\\Desktop\\social-media-microservices\\user-service\\node_modules\\express\\lib\\router\\route.js:149:13)\n    at Route.dispatch (C:\\Users\\ASUS\\OneDrive\\Desktop\\social-media-microservices\\user-service\\node_modules\\express\\lib\\router\\route.js:119:3)\n    at Layer.handle [as handle_request] (C:\\Users\\ASUS\\OneDrive\\Desktop\\social-media-microservices\\user-service\\node_modules\\express\\lib\\router\\layer.js:95:5)\n    at C:\\Users\\ASUS\\OneDrive\\Desktop\\social-media-microservices\\user-service\\node_modules\\express\\lib\\router\\index.js:284:15\n    at Function.process_params (C:\\Users\\ASUS\\OneDrive\\Desktop\\social-media-microservices\\user-service\\node_modules\\express\\lib\\router\\index.js:346:12)\n    at next (C:\\Users\\ASUS\\OneDrive\\Desktop\\social-media-microservices\\user-service\\node_modules\\express\\lib\\router\\index.js:280:10)\n    at Function.handle (C:\\Users\\ASUS\\OneDrive\\Desktop\\social-media-microservices\\user-service\\node_modules\\express\\lib\\router\\index.js:175:3)\n    at router (C:\\Users\\ASUS\\OneDrive\\Desktop\\social-media-microservices\\user-service\\node_modules\\express\\lib\\router\\index.js:47:12)","timestamp":"2025-02-10T10:56:36.336Z"}
{"level":"info","message":"user service running on port 3001 ","service":"user-service","timestamp":"2025-02-10T10:58:43.831Z"}
{"level":"info","message":"connected to mongodb","service":"user-service","timestamp":"2025-02-10T10:58:48.353Z"}
{"level":"info","message":"user service running on port 3001 ","service":"user-service","timestamp":"2025-02-10T10:59:10.596Z"}
{"level":"info","message":"user service running on port 3001 ","service":"user-service","timestamp":"2025-02-10T10:59:33.143Z"}
{"level":"info","message":"connected to mongodb","service":"user-service","timestamp":"2025-02-10T10:59:34.114Z"}
{"level":"info","message":"received POST request to /api/auth/register","service":"user-service","timestamp":"2025-02-10T10:59:39.790Z"}
{"level":"info","message":"request body [object Object]","service":"user-service","timestamp":"2025-02-10T10:59:39.791Z"}
{"level":"info","message":"Registration endpoint hit","service":"user-service","timestamp":"2025-02-10T10:59:39.797Z"}
{"level":"error","message":"registration error occured validRegistration is not a function","service":"user-service","stack":"TypeError: validRegistration is not a function\n    at registerUser (C:\\Users\\ASUS\\OneDrive\\Desktop\\social-media-microservices\\user-service\\src\\controllers\\user-controller.js:17:30)\n    at Layer.handle [as handle_request] (C:\\Users\\ASUS\\OneDrive\\Desktop\\social-media-microservices\\user-service\\node_modules\\express\\lib\\router\\layer.js:95:5)\n    at next (C:\\Users\\ASUS\\OneDrive\\Desktop\\social-media-microservices\\user-service\\node_modules\\express\\lib\\router\\route.js:149:13)\n    at Route.dispatch (C:\\Users\\ASUS\\OneDrive\\Desktop\\social-media-microservices\\user-service\\node_modules\\express\\lib\\router\\route.js:119:3)\n    at Layer.handle [as handle_request] (C:\\Users\\ASUS\\OneDrive\\Desktop\\social-media-microservices\\user-service\\node_modules\\express\\lib\\router\\layer.js:95:5)\n    at C:\\Users\\ASUS\\OneDrive\\Desktop\\social-media-microservices\\user-service\\node_modules\\express\\lib\\router\\index.js:284:15\n    at Function.process_params (C:\\Users\\ASUS\\OneDrive\\Desktop\\social-media-microservices\\user-service\\node_modules\\express\\lib\\router\\index.js:346:12)\n    at next (C:\\Users\\ASUS\\OneDrive\\Desktop\\social-media-microservices\\user-service\\node_modules\\express\\lib\\router\\index.js:280:10)\n    at Function.handle (C:\\Users\\ASUS\\OneDrive\\Desktop\\social-media-microservices\\user-service\\node_modules\\express\\lib\\router\\index.js:175:3)\n    at router (C:\\Users\\ASUS\\OneDrive\\Desktop\\social-media-microservices\\user-service\\node_modules\\express\\lib\\router\\index.js:47:12)","timestamp":"2025-02-10T10:59:39.798Z"}
{"level":"info","message":"received POST request to /api/auth/register","service":"user-service","timestamp":"2025-02-10T11:04:37.045Z"}
{"level":"info","message":"request body [object Object]","service":"user-service","timestamp":"2025-02-10T11:04:37.046Z"}
{"level":"info","message":"Registration endpoint hit","service":"user-service","timestamp":"2025-02-10T11:04:37.049Z"}
{"level":"error","message":"registration error occured validRegistration is not a function","service":"user-service","stack":"TypeError: validRegistration is not a function\n    at registerUser (C:\\Users\\ASUS\\OneDrive\\Desktop\\social-media-microservices\\user-service\\src\\controllers\\user-controller.js:17:30)\n    at Layer.handle [as handle_request] (C:\\Users\\ASUS\\OneDrive\\Desktop\\social-media-microservices\\user-service\\node_modules\\express\\lib\\router\\layer.js:95:5)\n    at next (C:\\Users\\ASUS\\OneDrive\\Desktop\\social-media-microservices\\user-service\\node_modules\\express\\lib\\router\\route.js:149:13)\n    at Route.dispatch (C:\\Users\\ASUS\\OneDrive\\Desktop\\social-media-microservices\\user-service\\node_modules\\express\\lib\\router\\route.js:119:3)\n    at Layer.handle [as handle_request] (C:\\Users\\ASUS\\OneDrive\\Desktop\\social-media-microservices\\user-service\\node_modules\\express\\lib\\router\\layer.js:95:5)\n    at C:\\Users\\ASUS\\OneDrive\\Desktop\\social-media-microservices\\user-service\\node_modules\\express\\lib\\router\\index.js:284:15\n    at Function.process_params (C:\\Users\\ASUS\\OneDrive\\Desktop\\social-media-microservices\\user-service\\node_modules\\express\\lib\\router\\index.js:346:12)\n    at next (C:\\Users\\ASUS\\OneDrive\\Desktop\\social-media-microservices\\user-service\\node_modules\\express\\lib\\router\\index.js:280:10)\n    at Function.handle (C:\\Users\\ASUS\\OneDrive\\Desktop\\social-media-microservices\\user-service\\node_modules\\express\\lib\\router\\index.js:175:3)\n    at router (C:\\Users\\ASUS\\OneDrive\\Desktop\\social-media-microservices\\user-service\\node_modules\\express\\lib\\router\\index.js:47:12)","timestamp":"2025-02-10T11:04:37.050Z"}
{"level":"info","message":"received POST request to /api/auth/register","service":"user-service","timestamp":"2025-02-10T11:05:22.318Z"}
{"level":"info","message":"request body [object Object]","service":"user-service","timestamp":"2025-02-10T11:05:22.319Z"}
{"level":"info","message":"Registration endpoint hit","service":"user-service","timestamp":"2025-02-10T11:05:22.321Z"}
{"level":"error","message":"registration error occured validRegistration is not a function","service":"user-service","stack":"TypeError: validRegistration is not a function\n    at registerUser (C:\\Users\\ASUS\\OneDrive\\Desktop\\social-media-microservices\\user-service\\src\\controllers\\user-controller.js:17:30)\n    at Layer.handle [as handle_request] (C:\\Users\\ASUS\\OneDrive\\Desktop\\social-media-microservices\\user-service\\node_modules\\express\\lib\\router\\layer.js:95:5)\n    at next (C:\\Users\\ASUS\\OneDrive\\Desktop\\social-media-microservices\\user-service\\node_modules\\express\\lib\\router\\route.js:149:13)\n    at Route.dispatch (C:\\Users\\ASUS\\OneDrive\\Desktop\\social-media-microservices\\user-service\\node_modules\\express\\lib\\router\\route.js:119:3)\n    at Layer.handle [as handle_request] (C:\\Users\\ASUS\\OneDrive\\Desktop\\social-media-microservices\\user-service\\node_modules\\express\\lib\\router\\layer.js:95:5)\n    at C:\\Users\\ASUS\\OneDrive\\Desktop\\social-media-microservices\\user-service\\node_modules\\express\\lib\\router\\index.js:284:15\n    at Function.process_params (C:\\Users\\ASUS\\OneDrive\\Desktop\\social-media-microservices\\user-service\\node_modules\\express\\lib\\router\\index.js:346:12)\n    at next (C:\\Users\\ASUS\\OneDrive\\Desktop\\social-media-microservices\\user-service\\node_modules\\express\\lib\\router\\index.js:280:10)\n    at Function.handle (C:\\Users\\ASUS\\OneDrive\\Desktop\\social-media-microservices\\user-service\\node_modules\\express\\lib\\router\\index.js:175:3)\n    at router (C:\\Users\\ASUS\\OneDrive\\Desktop\\social-media-microservices\\user-service\\node_modules\\express\\lib\\router\\index.js:47:12)","timestamp":"2025-02-10T11:05:22.321Z"}
{"level":"info","message":"user service running on port 3001 ","service":"user-service","timestamp":"2025-02-10T11:07:10.726Z"}
{"level":"info","message":"connected to mongodb","service":"user-service","timestamp":"2025-02-10T11:07:12.166Z"}
{"level":"info","message":"received POST request to /api/auth/register","service":"user-service","timestamp":"2025-02-10T11:07:16.502Z"}
{"level":"info","message":"request body [object Object]","service":"user-service","timestamp":"2025-02-10T11:07:16.503Z"}
{"level":"info","message":"Registration endpoint hit","service":"user-service","timestamp":"2025-02-10T11:07:16.510Z"}
{"_message":"User validation failed","errors":{"email":{"kind":"required","message":"Path `email` is required.","name":"ValidatorError","path":"email","properties":{"message":"Path `email` is required.","path":"email","type":"required"}}},"level":"error","message":"registration error occured User validation failed: email: Path `email` is required.","service":"user-service","stack":"ValidationError: User validation failed: email: Path `email` is required.\n    at Document.invalidate (C:\\Users\\ASUS\\OneDrive\\Desktop\\social-media-microservices\\user-service\\node_modules\\mongoose\\lib\\document.js:3331:32)\n    at C:\\Users\\ASUS\\OneDrive\\Desktop\\social-media-microservices\\user-service\\node_modules\\mongoose\\lib\\document.js:3092:17\n    at C:\\Users\\ASUS\\OneDrive\\Desktop\\social-media-microservices\\user-service\\node_modules\\mongoose\\lib\\schemaType.js:1407:9\n    at process.processTicksAndRejections (node:internal/process/task_queues:77:11)","timestamp":"2025-02-10T11:07:16.606Z"}
{"level":"info","message":"received POST request to /api/auth/register","service":"user-service","timestamp":"2025-02-10T11:08:59.655Z"}
{"level":"info","message":"request body [object Object]","service":"user-service","timestamp":"2025-02-10T11:08:59.656Z"}
{"level":"info","message":"Registration endpoint hit","service":"user-service","timestamp":"2025-02-10T11:08:59.659Z"}
{"_message":"User validation failed","errors":{"email":{"kind":"required","message":"Path `email` is required.","name":"ValidatorError","path":"email","properties":{"message":"Path `email` is required.","path":"email","type":"required"}}},"level":"error","message":"registration error occured User validation failed: email: Path `email` is required.","service":"user-service","stack":"ValidationError: User validation failed: email: Path `email` is required.\n    at Document.invalidate (C:\\Users\\ASUS\\OneDrive\\Desktop\\social-media-microservices\\user-service\\node_modules\\mongoose\\lib\\document.js:3331:32)\n    at C:\\Users\\ASUS\\OneDrive\\Desktop\\social-media-microservices\\user-service\\node_modules\\mongoose\\lib\\document.js:3092:17\n    at C:\\Users\\ASUS\\OneDrive\\Desktop\\social-media-microservices\\user-service\\node_modules\\mongoose\\lib\\schemaType.js:1407:9\n    at process.processTicksAndRejections (node:internal/process/task_queues:77:11)","timestamp":"2025-02-10T11:08:59.726Z"}
{"level":"info","message":"received POST request to /api/auth/register","service":"user-service","timestamp":"2025-02-10T11:09:43.701Z"}
{"level":"info","message":"request body [object Object]","service":"user-service","timestamp":"2025-02-10T11:09:43.701Z"}
{"level":"info","message":"Registration endpoint hit","service":"user-service","timestamp":"2025-02-10T11:09:43.703Z"}
{"_message":"User validation failed","errors":{"email":{"kind":"required","message":"Path `email` is required.","name":"ValidatorError","path":"email","properties":{"message":"Path `email` is required.","path":"email","type":"required"}}},"level":"error","message":"registration error occured User validation failed: email: Path `email` is required.","service":"user-service","stack":"ValidationError: User validation failed: email: Path `email` is required.\n    at Document.invalidate (C:\\Users\\ASUS\\OneDrive\\Desktop\\social-media-microservices\\user-service\\node_modules\\mongoose\\lib\\document.js:3331:32)\n    at C:\\Users\\ASUS\\OneDrive\\Desktop\\social-media-microservices\\user-service\\node_modules\\mongoose\\lib\\document.js:3092:17\n    at C:\\Users\\ASUS\\OneDrive\\Desktop\\social-media-microservices\\user-service\\node_modules\\mongoose\\lib\\schemaType.js:1407:9\n    at process.processTicksAndRejections (node:internal/process/task_queues:77:11)","timestamp":"2025-02-10T11:09:43.770Z"}
{"level":"info","message":"user service running on port 3001 ","service":"user-service","timestamp":"2025-02-10T11:10:33.442Z"}
{"level":"info","message":"connected to mongodb","service":"user-service","timestamp":"2025-02-10T11:10:34.784Z"}
{"level":"info","message":"received POST request to /api/auth/register","service":"user-service","timestamp":"2025-02-10T11:10:40.206Z"}
{"level":"info","message":"request body [object Object]","service":"user-service","timestamp":"2025-02-10T11:10:40.207Z"}
{"level":"info","message":"Registration endpoint hit","service":"user-service","timestamp":"2025-02-10T11:10:40.213Z"}
{"_message":"User validation failed","errors":{"email":{"kind":"required","message":"Path `email` is required.","name":"ValidatorError","path":"email","properties":{"message":"Path `email` is required.","path":"email","type":"required"}}},"level":"error","message":"registration error occured User validation failed: email: Path `email` is required.","service":"user-service","stack":"ValidationError: User validation failed: email: Path `email` is required.\n    at Document.invalidate (C:\\Users\\ASUS\\OneDrive\\Desktop\\social-media-microservices\\user-service\\node_modules\\mongoose\\lib\\document.js:3331:32)\n    at C:\\Users\\ASUS\\OneDrive\\Desktop\\social-media-microservices\\user-service\\node_modules\\mongoose\\lib\\document.js:3092:17\n    at C:\\Users\\ASUS\\OneDrive\\Desktop\\social-media-microservices\\user-service\\node_modules\\mongoose\\lib\\schemaType.js:1407:9\n    at process.processTicksAndRejections (node:internal/process/task_queues:77:11)","timestamp":"2025-02-10T11:10:40.313Z"}
{"level":"info","message":"user service running on port 3001 ","service":"user-service","timestamp":"2025-02-10T11:11:20.621Z"}
{"level":"info","message":"connected to mongodb","service":"user-service","timestamp":"2025-02-10T11:11:21.480Z"}
{"level":"info","message":"received POST request to /api/auth/register","service":"user-service","timestamp":"2025-02-10T11:11:28.101Z"}
{"level":"info","message":"request body [object Object]","service":"user-service","timestamp":"2025-02-10T11:11:28.102Z"}
{"level":"info","message":"Registration endpoint hit","service":"user-service","timestamp":"2025-02-10T11:11:28.108Z"}
{"level":"error","message":"registration error occured validRegistration is not a function","service":"user-service","stack":"TypeError: validRegistration is not a function\n    at registerUser (C:\\Users\\ASUS\\OneDrive\\Desktop\\social-media-microservices\\user-service\\src\\controllers\\user-controller.js:17:30)\n    at Layer.handle [as handle_request] (C:\\Users\\ASUS\\OneDrive\\Desktop\\social-media-microservices\\user-service\\node_modules\\express\\lib\\router\\layer.js:95:5)\n    at next (C:\\Users\\ASUS\\OneDrive\\Desktop\\social-media-microservices\\user-service\\node_modules\\express\\lib\\router\\route.js:149:13)\n    at Route.dispatch (C:\\Users\\ASUS\\OneDrive\\Desktop\\social-media-microservices\\user-service\\node_modules\\express\\lib\\router\\route.js:119:3)\n    at Layer.handle [as handle_request] (C:\\Users\\ASUS\\OneDrive\\Desktop\\social-media-microservices\\user-service\\node_modules\\express\\lib\\router\\layer.js:95:5)\n    at C:\\Users\\ASUS\\OneDrive\\Desktop\\social-media-microservices\\user-service\\node_modules\\express\\lib\\router\\index.js:284:15\n    at Function.process_params (C:\\Users\\ASUS\\OneDrive\\Desktop\\social-media-microservices\\user-service\\node_modules\\express\\lib\\router\\index.js:346:12)\n    at next (C:\\Users\\ASUS\\OneDrive\\Desktop\\social-media-microservices\\user-service\\node_modules\\express\\lib\\router\\index.js:280:10)\n    at Function.handle (C:\\Users\\ASUS\\OneDrive\\Desktop\\social-media-microservices\\user-service\\node_modules\\express\\lib\\router\\index.js:175:3)\n    at router (C:\\Users\\ASUS\\OneDrive\\Desktop\\social-media-microservices\\user-service\\node_modules\\express\\lib\\router\\index.js:47:12)","timestamp":"2025-02-10T11:11:28.110Z"}
{"level":"info","message":"user service running on port 3001 ","service":"user-service","timestamp":"2025-02-10T11:14:43.673Z"}
{"level":"info","message":"connected to mongodb","service":"user-service","timestamp":"2025-02-10T11:14:44.889Z"}
{"level":"info","message":"received POST request to /api/auth/register","service":"user-service","timestamp":"2025-02-10T11:14:50.022Z"}
{"level":"info","message":"request body [object Object]","service":"user-service","timestamp":"2025-02-10T11:14:50.023Z"}
{"level":"info","message":"Registration endpoint hit","service":"user-service","timestamp":"2025-02-10T11:14:50.028Z"}
{"level":"error","message":"registration error occured validRegistration is not a function","service":"user-service","stack":"TypeError: validRegistration is not a function\n    at registerUser (C:\\Users\\ASUS\\OneDrive\\Desktop\\social-media-microservices\\user-service\\src\\controllers\\user-controller.js:17:30)\n    at Layer.handle [as handle_request] (C:\\Users\\ASUS\\OneDrive\\Desktop\\social-media-microservices\\user-service\\node_modules\\express\\lib\\router\\layer.js:95:5)\n    at next (C:\\Users\\ASUS\\OneDrive\\Desktop\\social-media-microservices\\user-service\\node_modules\\express\\lib\\router\\route.js:149:13)\n    at Route.dispatch (C:\\Users\\ASUS\\OneDrive\\Desktop\\social-media-microservices\\user-service\\node_modules\\express\\lib\\router\\route.js:119:3)\n    at Layer.handle [as handle_request] (C:\\Users\\ASUS\\OneDrive\\Desktop\\social-media-microservices\\user-service\\node_modules\\express\\lib\\router\\layer.js:95:5)\n    at C:\\Users\\ASUS\\OneDrive\\Desktop\\social-media-microservices\\user-service\\node_modules\\express\\lib\\router\\index.js:284:15\n    at Function.process_params (C:\\Users\\ASUS\\OneDrive\\Desktop\\social-media-microservices\\user-service\\node_modules\\express\\lib\\router\\index.js:346:12)\n    at next (C:\\Users\\ASUS\\OneDrive\\Desktop\\social-media-microservices\\user-service\\node_modules\\express\\lib\\router\\index.js:280:10)\n    at Function.handle (C:\\Users\\ASUS\\OneDrive\\Desktop\\social-media-microservices\\user-service\\node_modules\\express\\lib\\router\\index.js:175:3)\n    at router (C:\\Users\\ASUS\\OneDrive\\Desktop\\social-media-microservices\\user-service\\node_modules\\express\\lib\\router\\index.js:47:12)","timestamp":"2025-02-10T11:14:50.029Z"}
{"level":"info","message":"user service running on port 3001 ","service":"user-service","timestamp":"2025-02-10T11:15:42.323Z"}
{"level":"info","message":"connected to mongodb","service":"user-service","timestamp":"2025-02-10T11:15:42.904Z"}
{"level":"info","message":"received POST request to /api/auth/register","service":"user-service","timestamp":"2025-02-10T11:15:46.293Z"}
{"level":"info","message":"request body [object Object]","service":"user-service","timestamp":"2025-02-10T11:15:46.294Z"}
{"level":"info","message":"Registration endpoint hit","service":"user-service","timestamp":"2025-02-10T11:15:46.300Z"}
{"level":"error","message":"registration error occured validRegistration is not a function","service":"user-service","stack":"TypeError: validRegistration is not a function\n    at registerUser (C:\\Users\\ASUS\\OneDrive\\Desktop\\social-media-microservices\\user-service\\src\\controllers\\user-controller.js:17:30)\n    at Layer.handle [as handle_request] (C:\\Users\\ASUS\\OneDrive\\Desktop\\social-media-microservices\\user-service\\node_modules\\express\\lib\\router\\layer.js:95:5)\n    at next (C:\\Users\\ASUS\\OneDrive\\Desktop\\social-media-microservices\\user-service\\node_modules\\express\\lib\\router\\route.js:149:13)\n    at Route.dispatch (C:\\Users\\ASUS\\OneDrive\\Desktop\\social-media-microservices\\user-service\\node_modules\\express\\lib\\router\\route.js:119:3)\n    at Layer.handle [as handle_request] (C:\\Users\\ASUS\\OneDrive\\Desktop\\social-media-microservices\\user-service\\node_modules\\express\\lib\\router\\layer.js:95:5)\n    at C:\\Users\\ASUS\\OneDrive\\Desktop\\social-media-microservices\\user-service\\node_modules\\express\\lib\\router\\index.js:284:15\n    at Function.process_params (C:\\Users\\ASUS\\OneDrive\\Desktop\\social-media-microservices\\user-service\\node_modules\\express\\lib\\router\\index.js:346:12)\n    at next (C:\\Users\\ASUS\\OneDrive\\Desktop\\social-media-microservices\\user-service\\node_modules\\express\\lib\\router\\index.js:280:10)\n    at Function.handle (C:\\Users\\ASUS\\OneDrive\\Desktop\\social-media-microservices\\user-service\\node_modules\\express\\lib\\router\\index.js:175:3)\n    at router (C:\\Users\\ASUS\\OneDrive\\Desktop\\social-media-microservices\\user-service\\node_modules\\express\\lib\\router\\index.js:47:12)","timestamp":"2025-02-10T11:15:46.301Z"}
{"level":"info","message":"user service running on port 3001 ","service":"user-service","timestamp":"2025-02-10T11:16:46.106Z"}
{"level":"info","message":"connected to mongodb","service":"user-service","timestamp":"2025-02-10T11:16:46.858Z"}
{"level":"info","message":"received POST request to /api/auth/register","service":"user-service","timestamp":"2025-02-10T11:16:56.603Z"}
{"level":"info","message":"request body [object Object]","service":"user-service","timestamp":"2025-02-10T11:16:56.604Z"}
{"level":"info","message":"Registration endpoint hit","service":"user-service","timestamp":"2025-02-10T11:16:56.610Z"}
{"0":"\"","1":"e","10":" ","11":"r","12":"e","13":"q","14":"u","15":"i","16":"r","17":"e","18":"d","2":"m","3":"a","4":"i","5":"l","6":"\"","7":" ","8":"i","9":"s","level":"warn","message":"validation error","service":"user-service","timestamp":"2025-02-10T11:16:56.619Z"}
{"level":"info","message":"received POST request to /api/auth/register","service":"user-service","timestamp":"2025-02-10T11:17:17.073Z"}
{"level":"info","message":"request body [object Object]","service":"user-service","timestamp":"2025-02-10T11:17:17.074Z"}
{"level":"info","message":"Registration endpoint hit","service":"user-service","timestamp":"2025-02-10T11:17:17.077Z"}
{"buffer":{"data":[103,169,224,61,45,185,180,127,140,136,99,174],"type":"Buffer"},"level":"info","message":"user saved successfully","service":"user-service","timestamp":"2025-02-10T11:17:17.291Z"}
{"_message":"RefreshToken validation failed","errors":{"expireAt":{"kind":"required","message":"Path `expireAt` is required.","name":"ValidatorError","path":"expireAt","properties":{"message":"Path `expireAt` is required.","path":"expireAt","type":"required"}}},"level":"error","message":"registration error occured RefreshToken validation failed: expireAt: Path `expireAt` is required.","service":"user-service","stack":"ValidationError: RefreshToken validation failed: expireAt: Path `expireAt` is required.\n    at Document.invalidate (C:\\Users\\ASUS\\OneDrive\\Desktop\\social-media-microservices\\user-service\\node_modules\\mongoose\\lib\\document.js:3331:32)\n    at C:\\Users\\ASUS\\OneDrive\\Desktop\\social-media-microservices\\user-service\\node_modules\\mongoose\\lib\\document.js:3092:17\n    at C:\\Users\\ASUS\\OneDrive\\Desktop\\social-media-microservices\\user-service\\node_modules\\mongoose\\lib\\schemaType.js:1407:9\n    at process.processTicksAndRejections (node:internal/process/task_queues:77:11)","timestamp":"2025-02-10T11:17:17.299Z"}
{"level":"info","message":"user service running on port 3001 ","service":"user-service","timestamp":"2025-02-10T11:22:35.825Z"}
{"level":"info","message":"connected to mongodb","service":"user-service","timestamp":"2025-02-10T11:22:36.855Z"}
{"level":"info","message":"received POST request to /api/auth/register","service":"user-service","timestamp":"2025-02-10T11:22:58.926Z"}
{"level":"info","message":"request body [object Object]","service":"user-service","timestamp":"2025-02-10T11:22:58.927Z"}
{"level":"info","message":"Registration endpoint hit","service":"user-service","timestamp":"2025-02-10T11:22:58.931Z"}
{"level":"warn","message":"user already exists","service":"user-service","timestamp":"2025-02-10T11:22:58.992Z"}
{"level":"info","message":"received POST request to /api/auth/register","service":"user-service","timestamp":"2025-02-10T11:23:05.175Z"}
{"level":"info","message":"request body [object Object]","service":"user-service","timestamp":"2025-02-10T11:23:05.175Z"}
{"level":"info","message":"Registration endpoint hit","service":"user-service","timestamp":"2025-02-10T11:23:05.177Z"}
{"buffer":{"data":[103,169,225,153,189,143,183,155,87,111,39,184],"type":"Buffer"},"level":"info","message":"user saved successfully","service":"user-service","timestamp":"2025-02-10T11:23:05.370Z"}
{"_message":"RefreshToken validation failed","errors":{"expireAt":{"kind":"required","message":"Path `expireAt` is required.","name":"ValidatorError","path":"expireAt","properties":{"message":"Path `expireAt` is required.","path":"expireAt","type":"required"}}},"level":"error","message":"registration error occured RefreshToken validation failed: expireAt: Path `expireAt` is required.","service":"user-service","stack":"ValidationError: RefreshToken validation failed: expireAt: Path `expireAt` is required.\n    at Document.invalidate (C:\\Users\\ASUS\\OneDrive\\Desktop\\social-media-microservices\\user-service\\node_modules\\mongoose\\lib\\document.js:3331:32)\n    at C:\\Users\\ASUS\\OneDrive\\Desktop\\social-media-microservices\\user-service\\node_modules\\mongoose\\lib\\document.js:3092:17\n    at C:\\Users\\ASUS\\OneDrive\\Desktop\\social-media-microservices\\user-service\\node_modules\\mongoose\\lib\\schemaType.js:1407:9\n    at process.processTicksAndRejections (node:internal/process/task_queues:77:11)","timestamp":"2025-02-10T11:23:05.392Z"}
{"level":"info","message":"user service running on port 3001 ","service":"user-service","timestamp":"2025-02-10T11:24:49.952Z"}
{"level":"info","message":"connected to mongodb","service":"user-service","timestamp":"2025-02-10T11:24:50.781Z"}
{"level":"info","message":"received POST request to /api/auth/register","service":"user-service","timestamp":"2025-02-10T11:24:55.484Z"}
{"level":"info","message":"request body [object Object]","service":"user-service","timestamp":"2025-02-10T11:24:55.485Z"}
{"level":"info","message":"Registration endpoint hit","service":"user-service","timestamp":"2025-02-10T11:24:55.493Z"}
{"level":"warn","message":"user already exists","service":"user-service","timestamp":"2025-02-10T11:24:55.551Z"}
{"level":"info","message":"received POST request to /api/auth/register","service":"user-service","timestamp":"2025-02-10T11:25:15.475Z"}
{"level":"info","message":"request body [object Object]","service":"user-service","timestamp":"2025-02-10T11:25:15.476Z"}
{"level":"info","message":"Registration endpoint hit","service":"user-service","timestamp":"2025-02-10T11:25:15.479Z"}
{"buffer":{"data":[103,169,226,27,145,47,51,119,46,126,127,80],"type":"Buffer"},"level":"info","message":"user saved successfully","service":"user-service","timestamp":"2025-02-10T11:25:15.701Z"}
{"level":"error","message":"registration error occured RefreshToken.save is not a function","service":"user-service","stack":"TypeError: RefreshToken.save is not a function\n    at generateToken (C:\\Users\\ASUS\\OneDrive\\Desktop\\social-media-microservices\\user-service\\src\\utils\\generateToken.js:18:24)\n    at registerUser (C:\\Users\\ASUS\\OneDrive\\Desktop\\social-media-microservices\\user-service\\src\\controllers\\user-controller.js:39:50)\n    at process.processTicksAndRejections (node:internal/process/task_queues:95:5)","timestamp":"2025-02-10T11:25:15.706Z"}
{"level":"info","message":"user service running on port 3001 ","service":"user-service","timestamp":"2025-02-10T11:27:38.055Z"}
{"level":"info","message":"connected to mongodb","service":"user-service","timestamp":"2025-02-10T11:27:39.217Z"}
{"level":"info","message":"received POST request to /api/auth/register","service":"user-service","timestamp":"2025-02-10T11:27:58.536Z"}
{"level":"info","message":"request body [object Object]","service":"user-service","timestamp":"2025-02-10T11:27:58.537Z"}
{"level":"info","message":"Registration endpoint hit","service":"user-service","timestamp":"2025-02-10T11:27:58.542Z"}
{"buffer":{"data":[103,169,226,190,212,108,90,103,62,106,136,235],"type":"Buffer"},"level":"info","message":"user saved successfully","service":"user-service","timestamp":"2025-02-10T11:27:58.738Z"}
{"_message":"RefreshToken validation failed","errors":{"expireAt":{"kind":"required","message":"Path `expireAt` is required.","name":"ValidatorError","path":"expireAt","properties":{"message":"Path `expireAt` is required.","path":"expireAt","type":"required"}}},"level":"error","message":"registration error occured RefreshToken validation failed: expireAt: Path `expireAt` is required.","service":"user-service","stack":"ValidationError: RefreshToken validation failed: expireAt: Path `expireAt` is required.\n    at Document.invalidate (C:\\Users\\ASUS\\OneDrive\\Desktop\\social-media-microservices\\user-service\\node_modules\\mongoose\\lib\\document.js:3331:32)\n    at C:\\Users\\ASUS\\OneDrive\\Desktop\\social-media-microservices\\user-service\\node_modules\\mongoose\\lib\\document.js:3092:17\n    at C:\\Users\\ASUS\\OneDrive\\Desktop\\social-media-microservices\\user-service\\node_modules\\mongoose\\lib\\schemaType.js:1407:9\n    at process.processTicksAndRejections (node:internal/process/task_queues:77:11)","timestamp":"2025-02-10T11:27:58.745Z"}
{"level":"info","message":"user service running on port 3001 ","service":"user-service","timestamp":"2025-02-10T11:32:06.753Z"}
{"level":"info","message":"connected to mongodb","service":"user-service","timestamp":"2025-02-10T11:32:08.322Z"}
{"level":"info","message":"received POST request to /api/auth/register","service":"user-service","timestamp":"2025-02-10T11:32:28.662Z"}
{"level":"info","message":"request body [object Object]","service":"user-service","timestamp":"2025-02-10T11:32:28.662Z"}
{"level":"info","message":"Registration endpoint hit","service":"user-service","timestamp":"2025-02-10T11:32:28.668Z"}
{"buffer":{"data":[103,169,227,204,29,209,59,92,162,72,237,187],"type":"Buffer"},"level":"info","message":"user saved successfully","service":"user-service","timestamp":"2025-02-10T11:32:28.896Z"}
{"_message":"RefreshToken validation failed","errors":{"expireAt":{"kind":"required","message":"Path `expireAt` is required.","name":"ValidatorError","path":"expireAt","properties":{"message":"Path `expireAt` is required.","path":"expireAt","type":"required"}}},"level":"error","message":"registration error occured RefreshToken validation failed: expireAt: Path `expireAt` is required.","service":"user-service","stack":"ValidationError: RefreshToken validation failed: expireAt: Path `expireAt` is required.\n    at Document.invalidate (C:\\Users\\ASUS\\OneDrive\\Desktop\\social-media-microservices\\user-service\\node_modules\\mongoose\\lib\\document.js:3331:32)\n    at C:\\Users\\ASUS\\OneDrive\\Desktop\\social-media-microservices\\user-service\\node_modules\\mongoose\\lib\\document.js:3092:17\n    at C:\\Users\\ASUS\\OneDrive\\Desktop\\social-media-microservices\\user-service\\node_modules\\mongoose\\lib\\schemaType.js:1407:9\n    at process.processTicksAndRejections (node:internal/process/task_queues:77:11)","timestamp":"2025-02-10T11:32:28.912Z"}
{"level":"info","message":"user service running on port 3001 ","service":"user-service","timestamp":"2025-02-10T11:32:53.871Z"}
{"level":"info","message":"connected to mongodb","service":"user-service","timestamp":"2025-02-10T11:32:54.526Z"}
{"level":"info","message":"received POST request to /api/auth/register","service":"user-service","timestamp":"2025-02-10T11:33:17.870Z"}
{"level":"info","message":"request body [object Object]","service":"user-service","timestamp":"2025-02-10T11:33:17.871Z"}
{"level":"info","message":"Registration endpoint hit","service":"user-service","timestamp":"2025-02-10T11:33:17.876Z"}
{"buffer":{"data":[103,169,227,253,89,154,48,249,222,113,130,212],"type":"Buffer"},"level":"info","message":"user saved successfully","service":"user-service","timestamp":"2025-02-10T11:33:18.094Z"}
{"level":"info","message":"received POST request to /api/auth/register","service":"user-service","timestamp":"2025-02-10T11:34:27.167Z"}
{"level":"info","message":"request body [object Object]","service":"user-service","timestamp":"2025-02-10T11:34:27.168Z"}
{"level":"info","message":"Registration endpoint hit","service":"user-service","timestamp":"2025-02-10T11:34:27.170Z"}
{"buffer":{"data":[103,169,228,67,89,154,48,249,222,113,130,217],"type":"Buffer"},"level":"info","message":"user saved successfully","service":"user-service","timestamp":"2025-02-10T11:34:27.365Z"}
{"level":"info","message":"user service running on port 3001 ","service":"user-service","timestamp":"2025-02-10T11:36:07.416Z"}
{"level":"info","message":"connected to mongodb","service":"user-service","timestamp":"2025-02-10T11:36:08.411Z"}
{"level":"info","message":"user service running on port 3001 ","service":"user-service","timestamp":"2025-02-10T11:36:10.974Z"}
{"level":"info","message":"connected to mongodb","service":"user-service","timestamp":"2025-02-10T11:36:11.601Z"}
{"level":"info","message":"user service running on port 3001 ","service":"user-service","timestamp":"2025-02-10T11:36:16.320Z"}
{"level":"info","message":"connected to mongodb","service":"user-service","timestamp":"2025-02-10T11:36:19.183Z"}
{"level":"info","message":"received POST request to /api/auth/register","service":"user-service","timestamp":"2025-02-10T11:38:23.886Z"}
{"level":"info","message":"request body [object Object]","service":"user-service","timestamp":"2025-02-10T11:38:23.887Z"}
{"level":"info","message":"Registration endpoint hit","service":"user-service","timestamp":"2025-02-10T11:38:23.901Z"}
{"buffer":{"data":[103,169,229,47,203,220,55,147,132,131,28,165],"type":"Buffer"},"level":"info","message":"user saved successfully","service":"user-service","timestamp":"2025-02-10T11:38:24.275Z"}
{"level":"info","message":"user service running on port 3001 ","service":"user-service","timestamp":"2025-02-24T03:34:52.600Z"}
{"level":"info","message":"connected to mongodb","service":"user-service","timestamp":"2025-02-24T03:34:54.896Z"}
{"level":"info","message":"received POST request to /api/auth/register","service":"user-service","timestamp":"2025-02-24T03:37:53.494Z"}
{"level":"info","message":"request body [object Object]","service":"user-service","timestamp":"2025-02-24T03:37:53.496Z"}
{"level":"info","message":"Registration endpoint hit","service":"user-service","timestamp":"2025-02-24T03:37:53.552Z"}
{"buffer":{"data":[103,187,233,145,153,138,224,129,165,116,209,13],"type":"Buffer"},"level":"info","message":"user saved successfully","service":"user-service","timestamp":"2025-02-24T03:37:54.137Z"}
{"level":"info","message":"received POST request to /api/auth/register","service":"user-service","timestamp":"2025-02-24T03:37:58.132Z"}
{"level":"info","message":"request body [object Object]","service":"user-service","timestamp":"2025-02-24T03:37:58.133Z"}
{"level":"info","message":"Registration endpoint hit","service":"user-service","timestamp":"2025-02-24T03:37:58.140Z"}
{"level":"warn","message":"user already exists","service":"user-service","timestamp":"2025-02-24T03:37:58.300Z"}
{"level":"info","message":"user service running on port 3001 ","service":"user-service","timestamp":"2025-02-24T03:45:51.097Z"}
{"level":"info","message":"connected to mongodb","service":"user-service","timestamp":"2025-02-24T03:45:52.936Z"}
{"level":"info","message":"user service running on port 3001 ","service":"user-service","timestamp":"2025-02-24T03:55:26.479Z"}
{"level":"info","message":"connected to mongodb","service":"user-service","timestamp":"2025-02-24T03:55:28.490Z"}
{"level":"info","message":"user service running on port 3001 ","service":"user-service","timestamp":"2025-02-24T03:56:35.168Z"}
{"level":"info","message":"connected to mongodb","service":"user-service","timestamp":"2025-02-24T03:56:36.163Z"}
{"level":"info","message":"received POST request to /api/auth/login","service":"user-service","timestamp":"2025-02-24T03:58:29.822Z"}
{"level":"info","message":"request body [object Object]","service":"user-service","timestamp":"2025-02-24T03:58:29.824Z"}
{"level":"info","message":"received POST request to /api/auth/login","service":"user-service","timestamp":"2025-02-24T04:00:35.194Z"}
{"level":"info","message":"request body [object Object]","service":"user-service","timestamp":"2025-02-24T04:00:35.195Z"}
{"level":"info","message":"received GET request to /api/auth/login","service":"user-service","timestamp":"2025-02-24T04:01:52.719Z"}
{"level":"info","message":"request body [object Object]","service":"user-service","timestamp":"2025-02-24T04:01:52.720Z"}
{"level":"info","message":"received POST request to /api/auth/login","service":"user-service","timestamp":"2025-02-24T04:01:59.274Z"}
{"level":"info","message":"request body [object Object]","service":"user-service","timestamp":"2025-02-24T04:01:59.275Z"}
{"level":"info","message":"user service running on port 3001 ","service":"user-service","timestamp":"2025-02-24T04:02:20.110Z"}
{"level":"info","message":"connected to mongodb","service":"user-service","timestamp":"2025-02-24T04:02:21.447Z"}
{"level":"info","message":"user service running on port 3001 ","service":"user-service","timestamp":"2025-02-24T04:02:31.141Z"}
{"level":"info","message":"user service running on port 3001 ","service":"user-service","timestamp":"2025-02-24T04:02:34.699Z"}
{"level":"info","message":"connected to mongodb","service":"user-service","timestamp":"2025-02-24T04:02:35.621Z"}
{"level":"info","message":"received POST request to /api/auth/login","service":"user-service","timestamp":"2025-02-24T04:02:38.815Z"}
{"level":"info","message":"request body [object Object]","service":"user-service","timestamp":"2025-02-24T04:02:38.817Z"}
{"level":"info","message":"login endpoint hit","service":"user-service","timestamp":"2025-02-24T04:02:38.831Z"}
{"level":"error","message":"login error occured Cannot read properties of undefined (reading '0')","service":"user-service","stack":"TypeError: Cannot read properties of undefined (reading '0')\n    at loginUsesr (C:\\Users\\ASUS\\OneDrive\\Desktop\\social-media-microservices\\user-service\\src\\controllers\\user-controller.js:64:57)\n    at process.processTicksAndRejections (node:internal/process/task_queues:95:5)","timestamp":"2025-02-24T04:02:38.869Z"}
{"level":"info","message":"user service running on port 3001 ","service":"user-service","timestamp":"2025-02-24T04:05:26.230Z"}
{"level":"info","message":"connected to mongodb","service":"user-service","timestamp":"2025-02-24T04:05:27.640Z"}
{"level":"info","message":"received POST request to /api/auth/login","service":"user-service","timestamp":"2025-02-24T04:05:30.828Z"}
{"level":"info","message":"request body [object Object]","service":"user-service","timestamp":"2025-02-24T04:05:30.829Z"}
{"level":"info","message":"login endpoint hit","service":"user-service","timestamp":"2025-02-24T04:05:30.840Z"}
{"level":"error","message":"login error occured Cannot read properties of undefined (reading '0')","service":"user-service","stack":"TypeError: Cannot read properties of undefined (reading '0')\n    at loginUsesr (C:\\Users\\ASUS\\OneDrive\\Desktop\\social-media-microservices\\user-service\\src\\controllers\\user-controller.js:64:57)\n    at process.processTicksAndRejections (node:internal/process/task_queues:95:5)","timestamp":"2025-02-24T04:05:30.862Z"}
{"level":"info","message":"user service running on port 3001 ","service":"user-service","timestamp":"2025-02-24T04:06:12.470Z"}
{"level":"info","message":"connected to mongodb","service":"user-service","timestamp":"2025-02-24T04:06:13.458Z"}
{"level":"info","message":"received POST request to /api/auth/login","service":"user-service","timestamp":"2025-02-24T04:06:17.089Z"}
{"level":"info","message":"request body [object Object]","service":"user-service","timestamp":"2025-02-24T04:06:17.090Z"}
{"level":"info","message":"login endpoint hit","service":"user-service","timestamp":"2025-02-24T04:06:17.096Z"}
{"level":"error","message":"Login error Cannot read properties of undefined (reading '0')","service":"user-service","stack":"TypeError: Cannot read properties of undefined (reading '0')\n    at loginUsesr (C:\\Users\\ASUS\\OneDrive\\Desktop\\social-media-microservices\\user-service\\src\\controllers\\user-controller.js:64:58)\n    at process.processTicksAndRejections (node:internal/process/task_queues:95:5)","timestamp":"2025-02-24T04:06:17.114Z"}
{"level":"info","message":"user service running on port 3001 ","service":"user-service","timestamp":"2025-02-24T04:08:43.124Z"}
{"level":"info","message":"connected to mongodb","service":"user-service","timestamp":"2025-02-24T04:08:46.430Z"}
{"level":"info","message":"received POST request to /api/auth/login","service":"user-service","timestamp":"2025-02-24T04:08:49.009Z"}
{"level":"info","message":"request body [object Object]","service":"user-service","timestamp":"2025-02-24T04:08:49.018Z"}
{"level":"info","message":"login endpoint hit","service":"user-service","timestamp":"2025-02-24T04:08:49.032Z"}
{"0":"I","1":"n","10":"p","11":"u","12":"t","2":"v","3":"a","4":"l","5":"i","6":"d","7":" ","8":"i","9":"n","level":"warn","message":"validation error","service":"user-service","timestamp":"2025-02-24T04:08:49.135Z"}
{"level":"info","message":"user service running on port 3001 ","service":"user-service","timestamp":"2025-02-24T04:11:53.394Z"}
{"level":"info","message":"connected to mongodb","service":"user-service","timestamp":"2025-02-24T04:11:54.895Z"}
{"level":"info","message":"received POST request to /api/auth/login","service":"user-service","timestamp":"2025-02-24T04:11:57.306Z"}
{"level":"info","message":"request body [object Object]","service":"user-service","timestamp":"2025-02-24T04:11:57.322Z"}
{"level":"info","message":"login endpoint hit","service":"user-service","timestamp":"2025-02-24T04:11:57.330Z"}
{"level":"info","message":"user service running on port 3001 ","service":"user-service","timestamp":"2025-02-24T04:13:44.402Z"}
{"level":"info","message":"connected to mongodb","service":"user-service","timestamp":"2025-02-24T04:13:45.809Z"}
{"level":"info","message":"received POST request to /api/auth/login","service":"user-service","timestamp":"2025-02-24T04:14:03.276Z"}
{"level":"info","message":"request body [object Object]","service":"user-service","timestamp":"2025-02-24T04:14:03.278Z"}
{"level":"info","message":"login endpoint hit","service":"user-service","timestamp":"2025-02-24T04:14:03.325Z"}
{"0":"I","1":"n","10":"p","11":"u","12":"t","2":"v","3":"a","4":"l","5":"i","6":"d","7":" ","8":"i","9":"n","level":"warn","message":"validation error","service":"user-service","timestamp":"2025-02-24T04:14:03.371Z"}
{"level":"info","message":"user service running on port 3001 ","service":"user-service","timestamp":"2025-02-24T04:14:50.474Z"}
{"level":"info","message":"connected to mongodb","service":"user-service","timestamp":"2025-02-24T04:14:51.834Z"}
{"level":"info","message":"received POST request to /api/auth/login","service":"user-service","timestamp":"2025-02-24T04:14:54.950Z"}
{"level":"info","message":"request body [object Object]","service":"user-service","timestamp":"2025-02-24T04:14:54.952Z"}
{"level":"info","message":"login endpoint hit","service":"user-service","timestamp":"2025-02-24T04:14:54.969Z"}
{"level":"info","message":"received POST request to /api/auth/register","service":"user-service","timestamp":"2025-02-24T04:16:49.878Z"}
{"level":"info","message":"request body [object Object]","service":"user-service","timestamp":"2025-02-24T04:16:49.884Z"}
{"level":"info","message":"Registration endpoint hit","service":"user-service","timestamp":"2025-02-24T04:16:49.895Z"}
{"buffer":{"data":[103,187,242,177,238,140,54,10,154,136,6,2],"type":"Buffer"},"level":"info","message":"user saved successfully","service":"user-service","timestamp":"2025-02-24T04:16:50.430Z"}
{"level":"info","message":"received POST request to /api/auth/login","service":"user-service","timestamp":"2025-02-24T04:17:24.262Z"}
{"level":"info","message":"request body [object Object]","service":"user-service","timestamp":"2025-02-24T04:17:24.264Z"}
{"level":"info","message":"login endpoint hit","service":"user-service","timestamp":"2025-02-24T04:17:24.268Z"}
{"level":"info","message":"user service running on port 3001 ","service":"user-service","timestamp":"2025-02-24T04:44:49.653Z"}
{"level":"info","message":"connected to mongodb","service":"user-service","timestamp":"2025-02-24T04:44:51.122Z"}
{"level":"info","message":"user service running on port 3001 ","service":"user-service","timestamp":"2025-02-24T04:50:50.701Z"}
{"level":"info","message":"connected to mongodb","service":"user-service","timestamp":"2025-02-24T04:50:52.021Z"}
{"level":"info","message":"user service running on port 3001 ","service":"user-service","timestamp":"2025-02-24T04:52:34.969Z"}
{"level":"info","message":"connected to mongodb","service":"user-service","timestamp":"2025-02-24T04:52:36.197Z"}
{"level":"info","message":"user service running on port 3001 ","service":"user-service","timestamp":"2025-02-24T04:52:41.686Z"}
{"level":"info","message":"connected to mongodb","service":"user-service","timestamp":"2025-02-24T04:52:42.750Z"}
{"level":"info","message":"user service running on port 3001 ","service":"user-service","timestamp":"2025-02-24T09:43:27.063Z"}
{"level":"info","message":"connected to mongodb","service":"user-service","timestamp":"2025-02-24T09:43:28.457Z"}
{"level":"info","message":"received POST request to /api/auth/login","service":"user-service","timestamp":"2025-02-24T09:43:35.676Z"}
{"level":"info","message":"request body [object Object]","service":"user-service","timestamp":"2025-02-24T09:43:35.677Z"}
{"level":"info","message":"login endpoint hit","service":"user-service","timestamp":"2025-02-24T09:43:35.682Z"}
{"level":"info","message":"user service running on port 3001 ","service":"user-service","timestamp":"2025-02-24T11:20:09.088Z"}
{"level":"info","message":"connected to mongodb","service":"user-service","timestamp":"2025-02-24T11:20:10.050Z"}
{"level":"info","message":"received POST request to /api/auth/login","service":"user-service","timestamp":"2025-02-24T11:20:33.494Z"}
{"level":"info","message":"request body [object Object]","service":"user-service","timestamp":"2025-02-24T11:20:33.496Z"}
{"level":"info","message":"login endpoint hit","service":"user-service","timestamp":"2025-02-24T11:20:33.508Z"}
{"level":"info","message":"user service running on port 3001 ","service":"user-service","timestamp":"2025-02-24T11:50:29.039Z"}
{"level":"info","message":"connected to mongodb","service":"user-service","timestamp":"2025-02-24T11:50:29.866Z"}
{"level":"info","message":"user service running on port 3001 ","service":"user-service","timestamp":"2025-02-24T11:53:13.824Z"}
{"level":"info","message":"connected to mongodb","service":"user-service","timestamp":"2025-02-24T11:53:14.499Z"}
{"level":"info","message":"user service running on port 3001 ","service":"user-service","timestamp":"2025-03-02T03:52:40.680Z"}
{"level":"info","message":"connected to mongodb","service":"user-service","timestamp":"2025-03-02T03:52:41.868Z"}
{"level":"info","message":"received POST request to /api/auth/login","service":"user-service","timestamp":"2025-03-02T03:53:29.566Z"}
{"level":"info","message":"request body [object Object]","service":"user-service","timestamp":"2025-03-02T03:53:29.570Z"}
{"level":"info","message":"login endpoint hit","service":"user-service","timestamp":"2025-03-02T03:53:29.595Z"}
{"level":"info","message":"received POST request to /api/auth/login","service":"user-service","timestamp":"2025-03-02T04:18:53.582Z"}
{"level":"info","message":"request body [object Object]","service":"user-service","timestamp":"2025-03-02T04:18:53.584Z"}
{"level":"info","message":"login endpoint hit","service":"user-service","timestamp":"2025-03-02T04:18:53.587Z"}
{"level":"info","message":"received POST request to /api/auth/login","service":"user-service","timestamp":"2025-03-02T04:37:26.067Z"}
{"level":"info","message":"request body [object Object]","service":"user-service","timestamp":"2025-03-02T04:37:26.078Z"}
{"level":"info","message":"login endpoint hit","service":"user-service","timestamp":"2025-03-02T04:37:26.083Z"}
